mode: count
github.com/BelyaevEI/microservices_auth/internal/api/user/create.go:14.113,16.51 1 0
github.com/BelyaevEI/microservices_auth/internal/api/user/create.go:16.51,18.3 1 0
github.com/BelyaevEI/microservices_auth/internal/api/user/create.go:20.2,21.16 2 0
github.com/BelyaevEI/microservices_auth/internal/api/user/create.go:21.16,23.3 1 0
github.com/BelyaevEI/microservices_auth/internal/api/user/create.go:25.2,29.8 2 0
github.com/BelyaevEI/microservices_auth/internal/api/user/delete.go:11.111,13.16 2 0
github.com/BelyaevEI/microservices_auth/internal/api/user/delete.go:13.16,15.3 1 0
github.com/BelyaevEI/microservices_auth/internal/api/user/delete.go:17.2,17.30 1 0
github.com/BelyaevEI/microservices_auth/internal/api/user/get.go:12.108,14.16 2 0
github.com/BelyaevEI/microservices_auth/internal/api/user/get.go:14.16,16.3 1 0
github.com/BelyaevEI/microservices_auth/internal/api/user/get.go:18.2,22.8 2 0
github.com/BelyaevEI/microservices_auth/internal/api/user/service.go:15.73,19.2 1 0
github.com/BelyaevEI/microservices_auth/internal/api/user/update.go:12.111,14.16 2 0
github.com/BelyaevEI/microservices_auth/internal/api/user/update.go:14.16,16.3 1 0
github.com/BelyaevEI/microservices_auth/internal/api/user/update.go:17.2,17.30 1 0
github.com/BelyaevEI/microservices_auth/internal/service/mocks/user_service_minimock.go:48.61,51.55 2 0
github.com/BelyaevEI/microservices_auth/internal/service/mocks/user_service_minimock.go:51.55,53.3 1 0
github.com/BelyaevEI/microservices_auth/internal/service/mocks/user_service_minimock.go:55.2,69.10 9 0
github.com/BelyaevEI/microservices_auth/internal/service/mocks/user_service_minimock.go:116.88,119.2 2 0
github.com/BelyaevEI/microservices_auth/internal/service/mocks/user_service_minimock.go:122.135,123.45 1 0
github.com/BelyaevEI/microservices_auth/internal/service/mocks/user_service_minimock.go:123.45,125.3 1 0
github.com/BelyaevEI/microservices_auth/internal/service/mocks/user_service_minimock.go:127.2,127.44 1 0
github.com/BelyaevEI/microservices_auth/internal/service/mocks/user_service_minimock.go:127.44,129.3 1 0
github.com/BelyaevEI/microservices_auth/internal/service/mocks/user_service_minimock.go:131.2,131.54 1 0
github.com/BelyaevEI/microservices_auth/internal/service/mocks/user_service_minimock.go:131.54,133.3 1 0
github.com/BelyaevEI/microservices_auth/internal/service/mocks/user_service_minimock.go:135.2,136.46 2 0
github.com/BelyaevEI/microservices_auth/internal/service/mocks/user_service_minimock.go:136.46,137.71 1 0
github.com/BelyaevEI/microservices_auth/internal/service/mocks/user_service_minimock.go:137.71,139.4 1 0
github.com/BelyaevEI/microservices_auth/internal/service/mocks/user_service_minimock.go:142.2,142.21 1 0
github.com/BelyaevEI/microservices_auth/internal/service/mocks/user_service_minimock.go:146.114,147.45 1 0
github.com/BelyaevEI/microservices_auth/internal/service/mocks/user_service_minimock.go:147.45,149.3 1 0
github.com/BelyaevEI/microservices_auth/internal/service/mocks/user_service_minimock.go:151.2,151.44 1 0
github.com/BelyaevEI/microservices_auth/internal/service/mocks/user_service_minimock.go:151.44,153.3 1 0
github.com/BelyaevEI/microservices_auth/internal/service/mocks/user_service_minimock.go:155.2,155.51 1 0
github.com/BelyaevEI/microservices_auth/internal/service/mocks/user_service_minimock.go:155.51,157.3 1 0
github.com/BelyaevEI/microservices_auth/internal/service/mocks/user_service_minimock.go:159.2,159.54 1 0
github.com/BelyaevEI/microservices_auth/internal/service/mocks/user_service_minimock.go:159.54,161.3 1 0
github.com/BelyaevEI/microservices_auth/internal/service/mocks/user_service_minimock.go:162.2,164.21 2 0
github.com/BelyaevEI/microservices_auth/internal/service/mocks/user_service_minimock.go:168.130,169.45 1 0
github.com/BelyaevEI/microservices_auth/internal/service/mocks/user_service_minimock.go:169.45,171.3 1 0
github.com/BelyaevEI/microservices_auth/internal/service/mocks/user_service_minimock.go:173.2,173.44 1 0
github.com/BelyaevEI/microservices_auth/internal/service/mocks/user_service_minimock.go:173.44,175.3 1 0
github.com/BelyaevEI/microservices_auth/internal/service/mocks/user_service_minimock.go:177.2,177.51 1 0
github.com/BelyaevEI/microservices_auth/internal/service/mocks/user_service_minimock.go:177.51,179.3 1 0
github.com/BelyaevEI/microservices_auth/internal/service/mocks/user_service_minimock.go:181.2,181.54 1 0
github.com/BelyaevEI/microservices_auth/internal/service/mocks/user_service_minimock.go:181.54,183.3 1 0
github.com/BelyaevEI/microservices_auth/internal/service/mocks/user_service_minimock.go:184.2,186.21 2 0
github.com/BelyaevEI/microservices_auth/internal/service/mocks/user_service_minimock.go:190.144,191.52 1 0
github.com/BelyaevEI/microservices_auth/internal/service/mocks/user_service_minimock.go:191.52,193.3 1 0
github.com/BelyaevEI/microservices_auth/internal/service/mocks/user_service_minimock.go:195.2,197.21 2 0
github.com/BelyaevEI/microservices_auth/internal/service/mocks/user_service_minimock.go:201.94,202.45 1 0
github.com/BelyaevEI/microservices_auth/internal/service/mocks/user_service_minimock.go:202.45,204.3 1 0
github.com/BelyaevEI/microservices_auth/internal/service/mocks/user_service_minimock.go:206.2,206.44 1 0
github.com/BelyaevEI/microservices_auth/internal/service/mocks/user_service_minimock.go:206.44,208.3 1 0
github.com/BelyaevEI/microservices_auth/internal/service/mocks/user_service_minimock.go:209.2,210.26 2 0
github.com/BelyaevEI/microservices_auth/internal/service/mocks/user_service_minimock.go:214.151,215.44 1 0
github.com/BelyaevEI/microservices_auth/internal/service/mocks/user_service_minimock.go:215.44,217.3 1 0
github.com/BelyaevEI/microservices_auth/internal/service/mocks/user_service_minimock.go:219.2,219.40 1 0
github.com/BelyaevEI/microservices_auth/internal/service/mocks/user_service_minimock.go:219.40,221.3 1 0
github.com/BelyaevEI/microservices_auth/internal/service/mocks/user_service_minimock.go:223.2,224.26 2 0
github.com/BelyaevEI/microservices_auth/internal/service/mocks/user_service_minimock.go:229.143,230.45 1 0
github.com/BelyaevEI/microservices_auth/internal/service/mocks/user_service_minimock.go:230.45,232.3 1 0
github.com/BelyaevEI/microservices_auth/internal/service/mocks/user_service_minimock.go:234.2,239.20 3 0
github.com/BelyaevEI/microservices_auth/internal/service/mocks/user_service_minimock.go:243.91,246.2 2 0
github.com/BelyaevEI/microservices_auth/internal/service/mocks/user_service_minimock.go:249.93,250.12 1 0
github.com/BelyaevEI/microservices_auth/internal/service/mocks/user_service_minimock.go:250.12,252.3 1 0
github.com/BelyaevEI/microservices_auth/internal/service/mocks/user_service_minimock.go:253.2,254.21 2 0
github.com/BelyaevEI/microservices_auth/internal/service/mocks/user_service_minimock.go:257.72,258.126 1 0
github.com/BelyaevEI/microservices_auth/internal/service/mocks/user_service_minimock.go:258.126,260.3 1 0
github.com/BelyaevEI/microservices_auth/internal/service/mocks/user_service_minimock.go:262.2,265.102 3 0
github.com/BelyaevEI/microservices_auth/internal/service/mocks/user_service_minimock.go:269.122,273.47 3 0
github.com/BelyaevEI/microservices_auth/internal/service/mocks/user_service_minimock.go:273.47,275.3 1 0
github.com/BelyaevEI/microservices_auth/internal/service/mocks/user_service_minimock.go:277.2,284.61 5 0
github.com/BelyaevEI/microservices_auth/internal/service/mocks/user_service_minimock.go:284.61,285.43 1 0
github.com/BelyaevEI/microservices_auth/internal/service/mocks/user_service_minimock.go:285.43,288.4 2 0
github.com/BelyaevEI/microservices_auth/internal/service/mocks/user_service_minimock.go:291.2,291.59 1 0
github.com/BelyaevEI/microservices_auth/internal/service/mocks/user_service_minimock.go:291.59,298.26 5 0
github.com/BelyaevEI/microservices_auth/internal/service/mocks/user_service_minimock.go:298.26,300.81 1 0
github.com/BelyaevEI/microservices_auth/internal/service/mocks/user_service_minimock.go:300.81,302.5 1 0
github.com/BelyaevEI/microservices_auth/internal/service/mocks/user_service_minimock.go:304.4,304.102 1 0
github.com/BelyaevEI/microservices_auth/internal/service/mocks/user_service_minimock.go:304.102,306.5 1 0
github.com/BelyaevEI/microservices_auth/internal/service/mocks/user_service_minimock.go:308.9,308.65 1 0
github.com/BelyaevEI/microservices_auth/internal/service/mocks/user_service_minimock.go:308.65,310.4 1 0
github.com/BelyaevEI/microservices_auth/internal/service/mocks/user_service_minimock.go:312.3,313.24 2 0
github.com/BelyaevEI/microservices_auth/internal/service/mocks/user_service_minimock.go:313.24,315.4 1 0
github.com/BelyaevEI/microservices_auth/internal/service/mocks/user_service_minimock.go:316.3,316.45 1 0
github.com/BelyaevEI/microservices_auth/internal/service/mocks/user_service_minimock.go:318.2,318.40 1 0
github.com/BelyaevEI/microservices_auth/internal/service/mocks/user_service_minimock.go:318.40,320.3 1 0
github.com/BelyaevEI/microservices_auth/internal/service/mocks/user_service_minimock.go:321.2,322.8 2 0
github.com/BelyaevEI/microservices_auth/internal/service/mocks/user_service_minimock.go:326.70,328.2 1 0
github.com/BelyaevEI/microservices_auth/internal/service/mocks/user_service_minimock.go:331.71,333.2 1 0
github.com/BelyaevEI/microservices_auth/internal/service/mocks/user_service_minimock.go:337.92,346.2 5 0
github.com/BelyaevEI/microservices_auth/internal/service/mocks/user_service_minimock.go:350.57,351.31 1 0
github.com/BelyaevEI/microservices_auth/internal/service/mocks/user_service_minimock.go:351.31,354.3 1 0
github.com/BelyaevEI/microservices_auth/internal/service/mocks/user_service_minimock.go:356.2,356.50 1 0
github.com/BelyaevEI/microservices_auth/internal/service/mocks/user_service_minimock.go:356.50,357.43 1 0
github.com/BelyaevEI/microservices_auth/internal/service/mocks/user_service_minimock.go:357.43,359.4 1 0
github.com/BelyaevEI/microservices_auth/internal/service/mocks/user_service_minimock.go:362.2,362.43 1 0
github.com/BelyaevEI/microservices_auth/internal/service/mocks/user_service_minimock.go:366.55,367.50 1 0
github.com/BelyaevEI/microservices_auth/internal/service/mocks/user_service_minimock.go:367.50,368.43 1 0
github.com/BelyaevEI/microservices_auth/internal/service/mocks/user_service_minimock.go:368.43,370.4 1 0
github.com/BelyaevEI/microservices_auth/internal/service/mocks/user_service_minimock.go:373.2,375.78 2 0
github.com/BelyaevEI/microservices_auth/internal/service/mocks/user_service_minimock.go:375.78,376.56 1 0
github.com/BelyaevEI/microservices_auth/internal/service/mocks/user_service_minimock.go:376.56,378.4 1 0
github.com/BelyaevEI/microservices_auth/internal/service/mocks/user_service_minimock.go:378.9,380.4 1 0
github.com/BelyaevEI/microservices_auth/internal/service/mocks/user_service_minimock.go:383.2,383.59 1 0
github.com/BelyaevEI/microservices_auth/internal/service/mocks/user_service_minimock.go:383.59,385.3 1 0
github.com/BelyaevEI/microservices_auth/internal/service/mocks/user_service_minimock.go:387.2,387.71 1 0
github.com/BelyaevEI/microservices_auth/internal/service/mocks/user_service_minimock.go:387.71,390.3 1 0
github.com/BelyaevEI/microservices_auth/internal/service/mocks/user_service_minimock.go:436.100,439.2 2 0
github.com/BelyaevEI/microservices_auth/internal/service/mocks/user_service_minimock.go:442.127,443.53 1 0
github.com/BelyaevEI/microservices_auth/internal/service/mocks/user_service_minimock.go:443.53,445.3 1 0
github.com/BelyaevEI/microservices_auth/internal/service/mocks/user_service_minimock.go:447.2,447.48 1 0
github.com/BelyaevEI/microservices_auth/internal/service/mocks/user_service_minimock.go:447.48,449.3 1 0
github.com/BelyaevEI/microservices_auth/internal/service/mocks/user_service_minimock.go:451.2,451.58 1 0
github.com/BelyaevEI/microservices_auth/internal/service/mocks/user_service_minimock.go:451.58,453.3 1 0
github.com/BelyaevEI/microservices_auth/internal/service/mocks/user_service_minimock.go:455.2,456.50 2 0
github.com/BelyaevEI/microservices_auth/internal/service/mocks/user_service_minimock.go:456.50,457.75 1 0
github.com/BelyaevEI/microservices_auth/internal/service/mocks/user_service_minimock.go:457.75,459.4 1 0
github.com/BelyaevEI/microservices_auth/internal/service/mocks/user_service_minimock.go:462.2,462.25 1 0
github.com/BelyaevEI/microservices_auth/internal/service/mocks/user_service_minimock.go:466.126,467.53 1 0
github.com/BelyaevEI/microservices_auth/internal/service/mocks/user_service_minimock.go:467.53,469.3 1 0
github.com/BelyaevEI/microservices_auth/internal/service/mocks/user_service_minimock.go:471.2,471.48 1 0
github.com/BelyaevEI/microservices_auth/internal/service/mocks/user_service_minimock.go:471.48,473.3 1 0
github.com/BelyaevEI/microservices_auth/internal/service/mocks/user_service_minimock.go:475.2,475.55 1 0
github.com/BelyaevEI/microservices_auth/internal/service/mocks/user_service_minimock.go:475.55,477.3 1 0
github.com/BelyaevEI/microservices_auth/internal/service/mocks/user_service_minimock.go:479.2,479.58 1 0
github.com/BelyaevEI/microservices_auth/internal/service/mocks/user_service_minimock.go:479.58,481.3 1 0
github.com/BelyaevEI/microservices_auth/internal/service/mocks/user_service_minimock.go:482.2,484.25 2 0
github.com/BelyaevEI/microservices_auth/internal/service/mocks/user_service_minimock.go:488.114,489.53 1 0
github.com/BelyaevEI/microservices_auth/internal/service/mocks/user_service_minimock.go:489.53,491.3 1 0
github.com/BelyaevEI/microservices_auth/internal/service/mocks/user_service_minimock.go:493.2,493.48 1 0
github.com/BelyaevEI/microservices_auth/internal/service/mocks/user_service_minimock.go:493.48,495.3 1 0
github.com/BelyaevEI/microservices_auth/internal/service/mocks/user_service_minimock.go:497.2,497.55 1 0
github.com/BelyaevEI/microservices_auth/internal/service/mocks/user_service_minimock.go:497.55,499.3 1 0
github.com/BelyaevEI/microservices_auth/internal/service/mocks/user_service_minimock.go:501.2,501.58 1 0
github.com/BelyaevEI/microservices_auth/internal/service/mocks/user_service_minimock.go:501.58,503.3 1 0
github.com/BelyaevEI/microservices_auth/internal/service/mocks/user_service_minimock.go:504.2,506.25 2 0
github.com/BelyaevEI/microservices_auth/internal/service/mocks/user_service_minimock.go:510.136,511.60 1 0
github.com/BelyaevEI/microservices_auth/internal/service/mocks/user_service_minimock.go:511.60,513.3 1 0
github.com/BelyaevEI/microservices_auth/internal/service/mocks/user_service_minimock.go:515.2,517.25 2 0
github.com/BelyaevEI/microservices_auth/internal/service/mocks/user_service_minimock.go:521.92,522.53 1 0
github.com/BelyaevEI/microservices_auth/internal/service/mocks/user_service_minimock.go:522.53,524.3 1 0
github.com/BelyaevEI/microservices_auth/internal/service/mocks/user_service_minimock.go:526.2,526.48 1 0
github.com/BelyaevEI/microservices_auth/internal/service/mocks/user_service_minimock.go:526.48,528.3 1 0
github.com/BelyaevEI/microservices_auth/internal/service/mocks/user_service_minimock.go:529.2,530.30 2 0
github.com/BelyaevEI/microservices_auth/internal/service/mocks/user_service_minimock.go:534.129,535.48 1 0
github.com/BelyaevEI/microservices_auth/internal/service/mocks/user_service_minimock.go:535.48,537.3 1 0
github.com/BelyaevEI/microservices_auth/internal/service/mocks/user_service_minimock.go:539.2,539.44 1 0
github.com/BelyaevEI/microservices_auth/internal/service/mocks/user_service_minimock.go:539.44,541.3 1 0
github.com/BelyaevEI/microservices_auth/internal/service/mocks/user_service_minimock.go:543.2,544.30 2 0
github.com/BelyaevEI/microservices_auth/internal/service/mocks/user_service_minimock.go:549.135,550.53 1 0
github.com/BelyaevEI/microservices_auth/internal/service/mocks/user_service_minimock.go:550.53,552.3 1 0
github.com/BelyaevEI/microservices_auth/internal/service/mocks/user_service_minimock.go:554.2,559.20 3 0
github.com/BelyaevEI/microservices_auth/internal/service/mocks/user_service_minimock.go:563.85,566.2 2 0
github.com/BelyaevEI/microservices_auth/internal/service/mocks/user_service_minimock.go:569.105,570.12 1 0
github.com/BelyaevEI/microservices_auth/internal/service/mocks/user_service_minimock.go:570.12,572.3 1 0
github.com/BelyaevEI/microservices_auth/internal/service/mocks/user_service_minimock.go:573.2,574.25 2 0
github.com/BelyaevEI/microservices_auth/internal/service/mocks/user_service_minimock.go:577.80,578.142 1 0
github.com/BelyaevEI/microservices_auth/internal/service/mocks/user_service_minimock.go:578.142,580.3 1 0
github.com/BelyaevEI/microservices_auth/internal/service/mocks/user_service_minimock.go:582.2,585.102 3 0
github.com/BelyaevEI/microservices_auth/internal/service/mocks/user_service_minimock.go:589.100,593.55 3 0
github.com/BelyaevEI/microservices_auth/internal/service/mocks/user_service_minimock.go:593.55,595.3 1 0
github.com/BelyaevEI/microservices_auth/internal/service/mocks/user_service_minimock.go:597.2,604.69 5 0
github.com/BelyaevEI/microservices_auth/internal/service/mocks/user_service_minimock.go:604.69,605.43 1 0
github.com/BelyaevEI/microservices_auth/internal/service/mocks/user_service_minimock.go:605.43,608.4 2 0
github.com/BelyaevEI/microservices_auth/internal/service/mocks/user_service_minimock.go:611.2,611.67 1 0
github.com/BelyaevEI/microservices_auth/internal/service/mocks/user_service_minimock.go:611.67,618.26 5 0
github.com/BelyaevEI/microservices_auth/internal/service/mocks/user_service_minimock.go:618.26,620.81 1 0
github.com/BelyaevEI/microservices_auth/internal/service/mocks/user_service_minimock.go:620.81,622.5 1 0
github.com/BelyaevEI/microservices_auth/internal/service/mocks/user_service_minimock.go:624.4,624.78 1 0
github.com/BelyaevEI/microservices_auth/internal/service/mocks/user_service_minimock.go:624.78,626.5 1 0
github.com/BelyaevEI/microservices_auth/internal/service/mocks/user_service_minimock.go:628.9,628.65 1 0
github.com/BelyaevEI/microservices_auth/internal/service/mocks/user_service_minimock.go:628.65,630.4 1 0
github.com/BelyaevEI/microservices_auth/internal/service/mocks/user_service_minimock.go:632.3,633.24 2 0
github.com/BelyaevEI/microservices_auth/internal/service/mocks/user_service_minimock.go:633.24,635.4 1 0
github.com/BelyaevEI/microservices_auth/internal/service/mocks/user_service_minimock.go:636.3,636.27 1 0
github.com/BelyaevEI/microservices_auth/internal/service/mocks/user_service_minimock.go:638.2,638.48 1 0
github.com/BelyaevEI/microservices_auth/internal/service/mocks/user_service_minimock.go:638.48,640.3 1 0
github.com/BelyaevEI/microservices_auth/internal/service/mocks/user_service_minimock.go:641.2,642.8 2 0
github.com/BelyaevEI/microservices_auth/internal/service/mocks/user_service_minimock.go:646.78,648.2 1 0
github.com/BelyaevEI/microservices_auth/internal/service/mocks/user_service_minimock.go:651.79,653.2 1 0
github.com/BelyaevEI/microservices_auth/internal/service/mocks/user_service_minimock.go:657.104,666.2 5 0
github.com/BelyaevEI/microservices_auth/internal/service/mocks/user_service_minimock.go:670.61,671.35 1 0
github.com/BelyaevEI/microservices_auth/internal/service/mocks/user_service_minimock.go:671.35,674.3 1 0
github.com/BelyaevEI/microservices_auth/internal/service/mocks/user_service_minimock.go:676.2,676.54 1 0
github.com/BelyaevEI/microservices_auth/internal/service/mocks/user_service_minimock.go:676.54,677.43 1 0
github.com/BelyaevEI/microservices_auth/internal/service/mocks/user_service_minimock.go:677.43,679.4 1 0
github.com/BelyaevEI/microservices_auth/internal/service/mocks/user_service_minimock.go:682.2,682.47 1 0
github.com/BelyaevEI/microservices_auth/internal/service/mocks/user_service_minimock.go:686.59,687.54 1 0
github.com/BelyaevEI/microservices_auth/internal/service/mocks/user_service_minimock.go:687.54,688.43 1 0
github.com/BelyaevEI/microservices_auth/internal/service/mocks/user_service_minimock.go:688.43,690.4 1 0
github.com/BelyaevEI/microservices_auth/internal/service/mocks/user_service_minimock.go:693.2,695.86 2 0
github.com/BelyaevEI/microservices_auth/internal/service/mocks/user_service_minimock.go:695.86,696.60 1 0
github.com/BelyaevEI/microservices_auth/internal/service/mocks/user_service_minimock.go:696.60,698.4 1 0
github.com/BelyaevEI/microservices_auth/internal/service/mocks/user_service_minimock.go:698.9,700.4 1 0
github.com/BelyaevEI/microservices_auth/internal/service/mocks/user_service_minimock.go:703.2,703.67 1 0
github.com/BelyaevEI/microservices_auth/internal/service/mocks/user_service_minimock.go:703.67,705.3 1 0
github.com/BelyaevEI/microservices_auth/internal/service/mocks/user_service_minimock.go:707.2,707.79 1 0
github.com/BelyaevEI/microservices_auth/internal/service/mocks/user_service_minimock.go:707.79,710.3 1 0
github.com/BelyaevEI/microservices_auth/internal/service/mocks/user_service_minimock.go:757.91,760.2 2 0
github.com/BelyaevEI/microservices_auth/internal/service/mocks/user_service_minimock.go:763.118,764.47 1 0
github.com/BelyaevEI/microservices_auth/internal/service/mocks/user_service_minimock.go:764.47,766.3 1 0
github.com/BelyaevEI/microservices_auth/internal/service/mocks/user_service_minimock.go:768.2,768.45 1 0
github.com/BelyaevEI/microservices_auth/internal/service/mocks/user_service_minimock.go:768.45,770.3 1 0
github.com/BelyaevEI/microservices_auth/internal/service/mocks/user_service_minimock.go:772.2,772.55 1 0
github.com/BelyaevEI/microservices_auth/internal/service/mocks/user_service_minimock.go:772.55,774.3 1 0
github.com/BelyaevEI/microservices_auth/internal/service/mocks/user_service_minimock.go:776.2,777.47 2 0
github.com/BelyaevEI/microservices_auth/internal/service/mocks/user_service_minimock.go:777.47,778.72 1 0
github.com/BelyaevEI/microservices_auth/internal/service/mocks/user_service_minimock.go:778.72,780.4 1 0
github.com/BelyaevEI/microservices_auth/internal/service/mocks/user_service_minimock.go:783.2,783.22 1 0
github.com/BelyaevEI/microservices_auth/internal/service/mocks/user_service_minimock.go:787.117,788.47 1 0
github.com/BelyaevEI/microservices_auth/internal/service/mocks/user_service_minimock.go:788.47,790.3 1 0
github.com/BelyaevEI/microservices_auth/internal/service/mocks/user_service_minimock.go:792.2,792.45 1 0
github.com/BelyaevEI/microservices_auth/internal/service/mocks/user_service_minimock.go:792.45,794.3 1 0
github.com/BelyaevEI/microservices_auth/internal/service/mocks/user_service_minimock.go:796.2,796.52 1 0
github.com/BelyaevEI/microservices_auth/internal/service/mocks/user_service_minimock.go:796.52,798.3 1 0
github.com/BelyaevEI/microservices_auth/internal/service/mocks/user_service_minimock.go:800.2,800.55 1 0
github.com/BelyaevEI/microservices_auth/internal/service/mocks/user_service_minimock.go:800.55,802.3 1 0
github.com/BelyaevEI/microservices_auth/internal/service/mocks/user_service_minimock.go:803.2,805.22 2 0
github.com/BelyaevEI/microservices_auth/internal/service/mocks/user_service_minimock.go:809.105,810.47 1 0
github.com/BelyaevEI/microservices_auth/internal/service/mocks/user_service_minimock.go:810.47,812.3 1 0
github.com/BelyaevEI/microservices_auth/internal/service/mocks/user_service_minimock.go:814.2,814.45 1 0
github.com/BelyaevEI/microservices_auth/internal/service/mocks/user_service_minimock.go:814.45,816.3 1 0
github.com/BelyaevEI/microservices_auth/internal/service/mocks/user_service_minimock.go:818.2,818.52 1 0
github.com/BelyaevEI/microservices_auth/internal/service/mocks/user_service_minimock.go:818.52,820.3 1 0
github.com/BelyaevEI/microservices_auth/internal/service/mocks/user_service_minimock.go:822.2,822.55 1 0
github.com/BelyaevEI/microservices_auth/internal/service/mocks/user_service_minimock.go:822.55,824.3 1 0
github.com/BelyaevEI/microservices_auth/internal/service/mocks/user_service_minimock.go:825.2,827.22 2 0
github.com/BelyaevEI/microservices_auth/internal/service/mocks/user_service_minimock.go:831.127,832.54 1 0
github.com/BelyaevEI/microservices_auth/internal/service/mocks/user_service_minimock.go:832.54,834.3 1 0
github.com/BelyaevEI/microservices_auth/internal/service/mocks/user_service_minimock.go:836.2,838.22 2 0
github.com/BelyaevEI/microservices_auth/internal/service/mocks/user_service_minimock.go:842.103,843.47 1 0
github.com/BelyaevEI/microservices_auth/internal/service/mocks/user_service_minimock.go:843.47,845.3 1 0
github.com/BelyaevEI/microservices_auth/internal/service/mocks/user_service_minimock.go:847.2,847.45 1 0
github.com/BelyaevEI/microservices_auth/internal/service/mocks/user_service_minimock.go:847.45,849.3 1 0
github.com/BelyaevEI/microservices_auth/internal/service/mocks/user_service_minimock.go:850.2,851.27 2 0
github.com/BelyaevEI/microservices_auth/internal/service/mocks/user_service_minimock.go:855.140,856.45 1 0
github.com/BelyaevEI/microservices_auth/internal/service/mocks/user_service_minimock.go:856.45,858.3 1 0
github.com/BelyaevEI/microservices_auth/internal/service/mocks/user_service_minimock.go:860.2,860.41 1 0
github.com/BelyaevEI/microservices_auth/internal/service/mocks/user_service_minimock.go:860.41,862.3 1 0
github.com/BelyaevEI/microservices_auth/internal/service/mocks/user_service_minimock.go:864.2,865.27 2 0
github.com/BelyaevEI/microservices_auth/internal/service/mocks/user_service_minimock.go:870.126,871.47 1 0
github.com/BelyaevEI/microservices_auth/internal/service/mocks/user_service_minimock.go:871.47,873.3 1 0
github.com/BelyaevEI/microservices_auth/internal/service/mocks/user_service_minimock.go:875.2,880.20 3 0
github.com/BelyaevEI/microservices_auth/internal/service/mocks/user_service_minimock.go:884.99,887.2 2 0
github.com/BelyaevEI/microservices_auth/internal/service/mocks/user_service_minimock.go:890.96,891.12 1 0
github.com/BelyaevEI/microservices_auth/internal/service/mocks/user_service_minimock.go:891.12,893.3 1 0
github.com/BelyaevEI/microservices_auth/internal/service/mocks/user_service_minimock.go:894.2,895.22 2 0
github.com/BelyaevEI/microservices_auth/internal/service/mocks/user_service_minimock.go:898.74,899.130 1 0
github.com/BelyaevEI/microservices_auth/internal/service/mocks/user_service_minimock.go:899.130,901.3 1 0
github.com/BelyaevEI/microservices_auth/internal/service/mocks/user_service_minimock.go:903.2,906.102 3 0
github.com/BelyaevEI/microservices_auth/internal/service/mocks/user_service_minimock.go:910.111,914.49 3 0
github.com/BelyaevEI/microservices_auth/internal/service/mocks/user_service_minimock.go:914.49,916.3 1 0
github.com/BelyaevEI/microservices_auth/internal/service/mocks/user_service_minimock.go:918.2,925.63 5 0
github.com/BelyaevEI/microservices_auth/internal/service/mocks/user_service_minimock.go:925.63,926.43 1 0
github.com/BelyaevEI/microservices_auth/internal/service/mocks/user_service_minimock.go:926.43,929.4 2 0
github.com/BelyaevEI/microservices_auth/internal/service/mocks/user_service_minimock.go:932.2,932.61 1 0
github.com/BelyaevEI/microservices_auth/internal/service/mocks/user_service_minimock.go:932.61,939.26 5 0
github.com/BelyaevEI/microservices_auth/internal/service/mocks/user_service_minimock.go:939.26,941.81 1 0
github.com/BelyaevEI/microservices_auth/internal/service/mocks/user_service_minimock.go:941.81,943.5 1 0
github.com/BelyaevEI/microservices_auth/internal/service/mocks/user_service_minimock.go:945.4,945.78 1 0
github.com/BelyaevEI/microservices_auth/internal/service/mocks/user_service_minimock.go:945.78,947.5 1 0
github.com/BelyaevEI/microservices_auth/internal/service/mocks/user_service_minimock.go:949.9,949.65 1 0
github.com/BelyaevEI/microservices_auth/internal/service/mocks/user_service_minimock.go:949.65,951.4 1 0
github.com/BelyaevEI/microservices_auth/internal/service/mocks/user_service_minimock.go:953.3,954.24 2 0
github.com/BelyaevEI/microservices_auth/internal/service/mocks/user_service_minimock.go:954.24,956.4 1 0
github.com/BelyaevEI/microservices_auth/internal/service/mocks/user_service_minimock.go:957.3,957.46 1 0
github.com/BelyaevEI/microservices_auth/internal/service/mocks/user_service_minimock.go:959.2,959.42 1 0
github.com/BelyaevEI/microservices_auth/internal/service/mocks/user_service_minimock.go:959.42,961.3 1 0
github.com/BelyaevEI/microservices_auth/internal/service/mocks/user_service_minimock.go:962.2,963.8 2 0
github.com/BelyaevEI/microservices_auth/internal/service/mocks/user_service_minimock.go:967.72,969.2 1 0
github.com/BelyaevEI/microservices_auth/internal/service/mocks/user_service_minimock.go:972.73,974.2 1 0
github.com/BelyaevEI/microservices_auth/internal/service/mocks/user_service_minimock.go:978.95,987.2 5 0
github.com/BelyaevEI/microservices_auth/internal/service/mocks/user_service_minimock.go:991.58,992.32 1 0
github.com/BelyaevEI/microservices_auth/internal/service/mocks/user_service_minimock.go:992.32,995.3 1 0
github.com/BelyaevEI/microservices_auth/internal/service/mocks/user_service_minimock.go:997.2,997.51 1 0
github.com/BelyaevEI/microservices_auth/internal/service/mocks/user_service_minimock.go:997.51,998.43 1 0
github.com/BelyaevEI/microservices_auth/internal/service/mocks/user_service_minimock.go:998.43,1000.4 1 0
github.com/BelyaevEI/microservices_auth/internal/service/mocks/user_service_minimock.go:1003.2,1003.44 1 0
github.com/BelyaevEI/microservices_auth/internal/service/mocks/user_service_minimock.go:1007.56,1008.51 1 0
github.com/BelyaevEI/microservices_auth/internal/service/mocks/user_service_minimock.go:1008.51,1009.43 1 0
github.com/BelyaevEI/microservices_auth/internal/service/mocks/user_service_minimock.go:1009.43,1011.4 1 0
github.com/BelyaevEI/microservices_auth/internal/service/mocks/user_service_minimock.go:1014.2,1016.80 2 0
github.com/BelyaevEI/microservices_auth/internal/service/mocks/user_service_minimock.go:1016.80,1017.57 1 0
github.com/BelyaevEI/microservices_auth/internal/service/mocks/user_service_minimock.go:1017.57,1019.4 1 0
github.com/BelyaevEI/microservices_auth/internal/service/mocks/user_service_minimock.go:1019.9,1021.4 1 0
github.com/BelyaevEI/microservices_auth/internal/service/mocks/user_service_minimock.go:1024.2,1024.61 1 0
github.com/BelyaevEI/microservices_auth/internal/service/mocks/user_service_minimock.go:1024.61,1026.3 1 0
github.com/BelyaevEI/microservices_auth/internal/service/mocks/user_service_minimock.go:1028.2,1028.73 1 0
github.com/BelyaevEI/microservices_auth/internal/service/mocks/user_service_minimock.go:1028.73,1031.3 1 0
github.com/BelyaevEI/microservices_auth/internal/service/mocks/user_service_minimock.go:1079.100,1082.2 2 0
github.com/BelyaevEI/microservices_auth/internal/service/mocks/user_service_minimock.go:1085.157,1086.53 1 0
github.com/BelyaevEI/microservices_auth/internal/service/mocks/user_service_minimock.go:1086.53,1088.3 1 0
github.com/BelyaevEI/microservices_auth/internal/service/mocks/user_service_minimock.go:1090.2,1090.48 1 0
github.com/BelyaevEI/microservices_auth/internal/service/mocks/user_service_minimock.go:1090.48,1092.3 1 0
github.com/BelyaevEI/microservices_auth/internal/service/mocks/user_service_minimock.go:1094.2,1094.58 1 0
github.com/BelyaevEI/microservices_auth/internal/service/mocks/user_service_minimock.go:1094.58,1096.3 1 0
github.com/BelyaevEI/microservices_auth/internal/service/mocks/user_service_minimock.go:1098.2,1099.50 2 0
github.com/BelyaevEI/microservices_auth/internal/service/mocks/user_service_minimock.go:1099.50,1100.75 1 0
github.com/BelyaevEI/microservices_auth/internal/service/mocks/user_service_minimock.go:1100.75,1102.4 1 0
github.com/BelyaevEI/microservices_auth/internal/service/mocks/user_service_minimock.go:1105.2,1105.25 1 0
github.com/BelyaevEI/microservices_auth/internal/service/mocks/user_service_minimock.go:1109.126,1110.53 1 0
github.com/BelyaevEI/microservices_auth/internal/service/mocks/user_service_minimock.go:1110.53,1112.3 1 0
github.com/BelyaevEI/microservices_auth/internal/service/mocks/user_service_minimock.go:1114.2,1114.48 1 0
github.com/BelyaevEI/microservices_auth/internal/service/mocks/user_service_minimock.go:1114.48,1116.3 1 0
github.com/BelyaevEI/microservices_auth/internal/service/mocks/user_service_minimock.go:1118.2,1118.55 1 0
github.com/BelyaevEI/microservices_auth/internal/service/mocks/user_service_minimock.go:1118.55,1120.3 1 0
github.com/BelyaevEI/microservices_auth/internal/service/mocks/user_service_minimock.go:1122.2,1122.58 1 0
github.com/BelyaevEI/microservices_auth/internal/service/mocks/user_service_minimock.go:1122.58,1124.3 1 0
github.com/BelyaevEI/microservices_auth/internal/service/mocks/user_service_minimock.go:1125.2,1127.25 2 0
github.com/BelyaevEI/microservices_auth/internal/service/mocks/user_service_minimock.go:1131.114,1132.53 1 0
github.com/BelyaevEI/microservices_auth/internal/service/mocks/user_service_minimock.go:1132.53,1134.3 1 0
github.com/BelyaevEI/microservices_auth/internal/service/mocks/user_service_minimock.go:1136.2,1136.48 1 0
github.com/BelyaevEI/microservices_auth/internal/service/mocks/user_service_minimock.go:1136.48,1138.3 1 0
github.com/BelyaevEI/microservices_auth/internal/service/mocks/user_service_minimock.go:1140.2,1140.55 1 0
github.com/BelyaevEI/microservices_auth/internal/service/mocks/user_service_minimock.go:1140.55,1142.3 1 0
github.com/BelyaevEI/microservices_auth/internal/service/mocks/user_service_minimock.go:1144.2,1144.58 1 0
github.com/BelyaevEI/microservices_auth/internal/service/mocks/user_service_minimock.go:1144.58,1146.3 1 0
github.com/BelyaevEI/microservices_auth/internal/service/mocks/user_service_minimock.go:1147.2,1149.25 2 0
github.com/BelyaevEI/microservices_auth/internal/service/mocks/user_service_minimock.go:1153.142,1154.53 1 0
github.com/BelyaevEI/microservices_auth/internal/service/mocks/user_service_minimock.go:1154.53,1156.3 1 0
github.com/BelyaevEI/microservices_auth/internal/service/mocks/user_service_minimock.go:1158.2,1158.48 1 0
github.com/BelyaevEI/microservices_auth/internal/service/mocks/user_service_minimock.go:1158.48,1160.3 1 0
github.com/BelyaevEI/microservices_auth/internal/service/mocks/user_service_minimock.go:1162.2,1162.55 1 0
github.com/BelyaevEI/microservices_auth/internal/service/mocks/user_service_minimock.go:1162.55,1164.3 1 0
github.com/BelyaevEI/microservices_auth/internal/service/mocks/user_service_minimock.go:1166.2,1166.58 1 0
github.com/BelyaevEI/microservices_auth/internal/service/mocks/user_service_minimock.go:1166.58,1168.3 1 0
github.com/BelyaevEI/microservices_auth/internal/service/mocks/user_service_minimock.go:1169.2,1171.25 2 0
github.com/BelyaevEI/microservices_auth/internal/service/mocks/user_service_minimock.go:1175.166,1176.60 1 0
github.com/BelyaevEI/microservices_auth/internal/service/mocks/user_service_minimock.go:1176.60,1178.3 1 0
github.com/BelyaevEI/microservices_auth/internal/service/mocks/user_service_minimock.go:1180.2,1182.25 2 0
github.com/BelyaevEI/microservices_auth/internal/service/mocks/user_service_minimock.go:1186.92,1187.53 1 0
github.com/BelyaevEI/microservices_auth/internal/service/mocks/user_service_minimock.go:1187.53,1189.3 1 0
github.com/BelyaevEI/microservices_auth/internal/service/mocks/user_service_minimock.go:1191.2,1191.48 1 0
github.com/BelyaevEI/microservices_auth/internal/service/mocks/user_service_minimock.go:1191.48,1193.3 1 0
github.com/BelyaevEI/microservices_auth/internal/service/mocks/user_service_minimock.go:1194.2,1195.30 2 0
github.com/BelyaevEI/microservices_auth/internal/service/mocks/user_service_minimock.go:1199.159,1200.48 1 0
github.com/BelyaevEI/microservices_auth/internal/service/mocks/user_service_minimock.go:1200.48,1202.3 1 0
github.com/BelyaevEI/microservices_auth/internal/service/mocks/user_service_minimock.go:1204.2,1204.44 1 0
github.com/BelyaevEI/microservices_auth/internal/service/mocks/user_service_minimock.go:1204.44,1206.3 1 0
github.com/BelyaevEI/microservices_auth/internal/service/mocks/user_service_minimock.go:1208.2,1209.30 2 0
github.com/BelyaevEI/microservices_auth/internal/service/mocks/user_service_minimock.go:1214.165,1215.53 1 0
github.com/BelyaevEI/microservices_auth/internal/service/mocks/user_service_minimock.go:1215.53,1217.3 1 0
github.com/BelyaevEI/microservices_auth/internal/service/mocks/user_service_minimock.go:1219.2,1224.20 3 0
github.com/BelyaevEI/microservices_auth/internal/service/mocks/user_service_minimock.go:1228.85,1231.2 2 0
github.com/BelyaevEI/microservices_auth/internal/service/mocks/user_service_minimock.go:1234.105,1235.12 1 0
github.com/BelyaevEI/microservices_auth/internal/service/mocks/user_service_minimock.go:1235.12,1237.3 1 0
github.com/BelyaevEI/microservices_auth/internal/service/mocks/user_service_minimock.go:1238.2,1239.25 2 0
github.com/BelyaevEI/microservices_auth/internal/service/mocks/user_service_minimock.go:1242.80,1243.142 1 0
github.com/BelyaevEI/microservices_auth/internal/service/mocks/user_service_minimock.go:1243.142,1245.3 1 0
github.com/BelyaevEI/microservices_auth/internal/service/mocks/user_service_minimock.go:1247.2,1250.102 3 0
github.com/BelyaevEI/microservices_auth/internal/service/mocks/user_service_minimock.go:1254.130,1258.55 3 0
github.com/BelyaevEI/microservices_auth/internal/service/mocks/user_service_minimock.go:1258.55,1260.3 1 0
github.com/BelyaevEI/microservices_auth/internal/service/mocks/user_service_minimock.go:1262.2,1269.69 5 0
github.com/BelyaevEI/microservices_auth/internal/service/mocks/user_service_minimock.go:1269.69,1270.43 1 0
github.com/BelyaevEI/microservices_auth/internal/service/mocks/user_service_minimock.go:1270.43,1273.4 2 0
github.com/BelyaevEI/microservices_auth/internal/service/mocks/user_service_minimock.go:1276.2,1276.67 1 0
github.com/BelyaevEI/microservices_auth/internal/service/mocks/user_service_minimock.go:1276.67,1283.26 5 0
github.com/BelyaevEI/microservices_auth/internal/service/mocks/user_service_minimock.go:1283.26,1285.81 1 0
github.com/BelyaevEI/microservices_auth/internal/service/mocks/user_service_minimock.go:1285.81,1287.5 1 0
github.com/BelyaevEI/microservices_auth/internal/service/mocks/user_service_minimock.go:1289.4,1289.78 1 0
github.com/BelyaevEI/microservices_auth/internal/service/mocks/user_service_minimock.go:1289.78,1291.5 1 0
github.com/BelyaevEI/microservices_auth/internal/service/mocks/user_service_minimock.go:1293.4,1293.102 1 0
github.com/BelyaevEI/microservices_auth/internal/service/mocks/user_service_minimock.go:1293.102,1295.5 1 0
github.com/BelyaevEI/microservices_auth/internal/service/mocks/user_service_minimock.go:1297.9,1297.65 1 0
github.com/BelyaevEI/microservices_auth/internal/service/mocks/user_service_minimock.go:1297.65,1299.4 1 0
github.com/BelyaevEI/microservices_auth/internal/service/mocks/user_service_minimock.go:1301.3,1302.24 2 0
github.com/BelyaevEI/microservices_auth/internal/service/mocks/user_service_minimock.go:1302.24,1304.4 1 0
github.com/BelyaevEI/microservices_auth/internal/service/mocks/user_service_minimock.go:1305.3,1305.27 1 0
github.com/BelyaevEI/microservices_auth/internal/service/mocks/user_service_minimock.go:1307.2,1307.48 1 0
github.com/BelyaevEI/microservices_auth/internal/service/mocks/user_service_minimock.go:1307.48,1309.3 1 0
github.com/BelyaevEI/microservices_auth/internal/service/mocks/user_service_minimock.go:1310.2,1311.8 2 0
github.com/BelyaevEI/microservices_auth/internal/service/mocks/user_service_minimock.go:1315.78,1317.2 1 0
github.com/BelyaevEI/microservices_auth/internal/service/mocks/user_service_minimock.go:1320.79,1322.2 1 0
github.com/BelyaevEI/microservices_auth/internal/service/mocks/user_service_minimock.go:1326.104,1335.2 5 0
github.com/BelyaevEI/microservices_auth/internal/service/mocks/user_service_minimock.go:1339.61,1340.35 1 0
github.com/BelyaevEI/microservices_auth/internal/service/mocks/user_service_minimock.go:1340.35,1343.3 1 0
github.com/BelyaevEI/microservices_auth/internal/service/mocks/user_service_minimock.go:1345.2,1345.54 1 0
github.com/BelyaevEI/microservices_auth/internal/service/mocks/user_service_minimock.go:1345.54,1346.43 1 0
github.com/BelyaevEI/microservices_auth/internal/service/mocks/user_service_minimock.go:1346.43,1348.4 1 0
github.com/BelyaevEI/microservices_auth/internal/service/mocks/user_service_minimock.go:1351.2,1351.47 1 0
github.com/BelyaevEI/microservices_auth/internal/service/mocks/user_service_minimock.go:1355.59,1356.54 1 0
github.com/BelyaevEI/microservices_auth/internal/service/mocks/user_service_minimock.go:1356.54,1357.43 1 0
github.com/BelyaevEI/microservices_auth/internal/service/mocks/user_service_minimock.go:1357.43,1359.4 1 0
github.com/BelyaevEI/microservices_auth/internal/service/mocks/user_service_minimock.go:1362.2,1364.86 2 0
github.com/BelyaevEI/microservices_auth/internal/service/mocks/user_service_minimock.go:1364.86,1365.60 1 0
github.com/BelyaevEI/microservices_auth/internal/service/mocks/user_service_minimock.go:1365.60,1367.4 1 0
github.com/BelyaevEI/microservices_auth/internal/service/mocks/user_service_minimock.go:1367.9,1369.4 1 0
github.com/BelyaevEI/microservices_auth/internal/service/mocks/user_service_minimock.go:1372.2,1372.67 1 0
github.com/BelyaevEI/microservices_auth/internal/service/mocks/user_service_minimock.go:1372.67,1374.3 1 0
github.com/BelyaevEI/microservices_auth/internal/service/mocks/user_service_minimock.go:1376.2,1376.79 1 0
github.com/BelyaevEI/microservices_auth/internal/service/mocks/user_service_minimock.go:1376.79,1379.3 1 0
github.com/BelyaevEI/microservices_auth/internal/service/mocks/user_service_minimock.go:1383.44,1384.25 1 0
github.com/BelyaevEI/microservices_auth/internal/service/mocks/user_service_minimock.go:1384.25,1385.24 1 0
github.com/BelyaevEI/microservices_auth/internal/service/mocks/user_service_minimock.go:1385.24,1393.4 4 0
github.com/BelyaevEI/microservices_auth/internal/service/mocks/user_service_minimock.go:1398.66,1400.6 2 0
github.com/BelyaevEI/microservices_auth/internal/service/mocks/user_service_minimock.go:1400.6,1401.23 1 0
github.com/BelyaevEI/microservices_auth/internal/service/mocks/user_service_minimock.go:1401.23,1403.4 1 0
github.com/BelyaevEI/microservices_auth/internal/service/mocks/user_service_minimock.go:1404.3,1404.10 1 0
github.com/BelyaevEI/microservices_auth/internal/service/mocks/user_service_minimock.go:1405.20,1407.10 2 0
github.com/BelyaevEI/microservices_auth/internal/service/mocks/user_service_minimock.go:1408.50,1408.50 0 0
github.com/BelyaevEI/microservices_auth/internal/service/mocks/user_service_minimock.go:1413.47,1420.2 2 0
github.com/BelyaevEI/microservices_auth/internal/service/user/create.go:9.92,12.16 2 0
github.com/BelyaevEI/microservices_auth/internal/service/user/create.go:12.16,14.3 1 0
github.com/BelyaevEI/microservices_auth/internal/service/user/create.go:16.2,19.16 2 0
github.com/BelyaevEI/microservices_auth/internal/service/user/create.go:19.16,21.3 1 0
github.com/BelyaevEI/microservices_auth/internal/service/user/create.go:23.2,23.16 1 0
github.com/BelyaevEI/microservices_auth/internal/service/user/delete.go:7.67,10.16 2 0
github.com/BelyaevEI/microservices_auth/internal/service/user/delete.go:10.16,12.3 1 0
github.com/BelyaevEI/microservices_auth/internal/service/user/delete.go:14.2,15.16 2 0
github.com/BelyaevEI/microservices_auth/internal/service/user/delete.go:15.16,17.3 1 0
github.com/BelyaevEI/microservices_auth/internal/service/user/delete.go:19.2,19.12 1 0
github.com/BelyaevEI/microservices_auth/internal/service/user/get.go:9.79,12.16 2 0
github.com/BelyaevEI/microservices_auth/internal/service/user/get.go:12.16,14.17 2 0
github.com/BelyaevEI/microservices_auth/internal/service/user/get.go:14.17,16.4 1 0
github.com/BelyaevEI/microservices_auth/internal/service/user/get.go:19.2,19.18 1 0
github.com/BelyaevEI/microservices_auth/internal/service/user/service.go:17.126,23.2 1 0
github.com/BelyaevEI/microservices_auth/internal/service/user/update.go:9.97,12.16 2 0
github.com/BelyaevEI/microservices_auth/internal/service/user/update.go:12.16,14.3 1 0
github.com/BelyaevEI/microservices_auth/internal/service/user/update.go:16.2,17.16 2 0
github.com/BelyaevEI/microservices_auth/internal/service/user/update.go:17.16,19.3 1 0
github.com/BelyaevEI/microservices_auth/internal/service/user/update.go:21.2,25.16 2 0
github.com/BelyaevEI/microservices_auth/internal/service/user/update.go:25.16,27.3 1 0
github.com/BelyaevEI/microservices_auth/internal/service/user/update.go:29.2,29.12 1 0
github.com/BelyaevEI/microservices_auth/internal/api/user/create.go:14.113,16.51 1 15
github.com/BelyaevEI/microservices_auth/internal/api/user/create.go:16.51,18.3 1 5
github.com/BelyaevEI/microservices_auth/internal/api/user/create.go:20.2,21.16 2 10
github.com/BelyaevEI/microservices_auth/internal/api/user/create.go:21.16,23.3 1 5
github.com/BelyaevEI/microservices_auth/internal/api/user/create.go:25.2,29.8 2 5
github.com/BelyaevEI/microservices_auth/internal/api/user/delete.go:11.111,13.16 2 10
github.com/BelyaevEI/microservices_auth/internal/api/user/delete.go:13.16,15.3 1 5
github.com/BelyaevEI/microservices_auth/internal/api/user/delete.go:17.2,17.30 1 5
github.com/BelyaevEI/microservices_auth/internal/api/user/get.go:12.108,14.16 2 10
github.com/BelyaevEI/microservices_auth/internal/api/user/get.go:14.16,16.3 1 5
github.com/BelyaevEI/microservices_auth/internal/api/user/get.go:18.2,22.8 2 5
github.com/BelyaevEI/microservices_auth/internal/api/user/service.go:15.73,19.2 1 45
github.com/BelyaevEI/microservices_auth/internal/api/user/update.go:12.111,14.16 2 10
github.com/BelyaevEI/microservices_auth/internal/api/user/update.go:14.16,16.3 1 5
github.com/BelyaevEI/microservices_auth/internal/api/user/update.go:17.2,17.30 1 5
github.com/BelyaevEI/microservices_auth/internal/service/mocks/user_service_minimock.go:48.61,51.55 2 45
github.com/BelyaevEI/microservices_auth/internal/service/mocks/user_service_minimock.go:51.55,53.3 1 0
github.com/BelyaevEI/microservices_auth/internal/service/mocks/user_service_minimock.go:55.2,69.10 9 45
github.com/BelyaevEI/microservices_auth/internal/service/mocks/user_service_minimock.go:116.88,119.2 2 0
github.com/BelyaevEI/microservices_auth/internal/service/mocks/user_service_minimock.go:122.135,123.45 1 10
github.com/BelyaevEI/microservices_auth/internal/service/mocks/user_service_minimock.go:123.45,125.3 1 0
github.com/BelyaevEI/microservices_auth/internal/service/mocks/user_service_minimock.go:127.2,127.44 1 10
github.com/BelyaevEI/microservices_auth/internal/service/mocks/user_service_minimock.go:127.44,129.3 1 10
github.com/BelyaevEI/microservices_auth/internal/service/mocks/user_service_minimock.go:131.2,131.54 1 10
github.com/BelyaevEI/microservices_auth/internal/service/mocks/user_service_minimock.go:131.54,133.3 1 0
github.com/BelyaevEI/microservices_auth/internal/service/mocks/user_service_minimock.go:135.2,136.46 2 10
github.com/BelyaevEI/microservices_auth/internal/service/mocks/user_service_minimock.go:136.46,137.71 1 0
github.com/BelyaevEI/microservices_auth/internal/service/mocks/user_service_minimock.go:137.71,139.4 1 0
github.com/BelyaevEI/microservices_auth/internal/service/mocks/user_service_minimock.go:142.2,142.21 1 10
github.com/BelyaevEI/microservices_auth/internal/service/mocks/user_service_minimock.go:146.114,147.45 1 0
github.com/BelyaevEI/microservices_auth/internal/service/mocks/user_service_minimock.go:147.45,149.3 1 0
github.com/BelyaevEI/microservices_auth/internal/service/mocks/user_service_minimock.go:151.2,151.44 1 0
github.com/BelyaevEI/microservices_auth/internal/service/mocks/user_service_minimock.go:151.44,153.3 1 0
github.com/BelyaevEI/microservices_auth/internal/service/mocks/user_service_minimock.go:155.2,155.51 1 0
github.com/BelyaevEI/microservices_auth/internal/service/mocks/user_service_minimock.go:155.51,157.3 1 0
github.com/BelyaevEI/microservices_auth/internal/service/mocks/user_service_minimock.go:159.2,159.54 1 0
github.com/BelyaevEI/microservices_auth/internal/service/mocks/user_service_minimock.go:159.54,161.3 1 0
github.com/BelyaevEI/microservices_auth/internal/service/mocks/user_service_minimock.go:162.2,164.21 2 0
github.com/BelyaevEI/microservices_auth/internal/service/mocks/user_service_minimock.go:168.130,169.45 1 0
github.com/BelyaevEI/microservices_auth/internal/service/mocks/user_service_minimock.go:169.45,171.3 1 0
github.com/BelyaevEI/microservices_auth/internal/service/mocks/user_service_minimock.go:173.2,173.44 1 0
github.com/BelyaevEI/microservices_auth/internal/service/mocks/user_service_minimock.go:173.44,175.3 1 0
github.com/BelyaevEI/microservices_auth/internal/service/mocks/user_service_minimock.go:177.2,177.51 1 0
github.com/BelyaevEI/microservices_auth/internal/service/mocks/user_service_minimock.go:177.51,179.3 1 0
github.com/BelyaevEI/microservices_auth/internal/service/mocks/user_service_minimock.go:181.2,181.54 1 0
github.com/BelyaevEI/microservices_auth/internal/service/mocks/user_service_minimock.go:181.54,183.3 1 0
github.com/BelyaevEI/microservices_auth/internal/service/mocks/user_service_minimock.go:184.2,186.21 2 0
github.com/BelyaevEI/microservices_auth/internal/service/mocks/user_service_minimock.go:190.144,191.52 1 0
github.com/BelyaevEI/microservices_auth/internal/service/mocks/user_service_minimock.go:191.52,193.3 1 0
github.com/BelyaevEI/microservices_auth/internal/service/mocks/user_service_minimock.go:195.2,197.21 2 0
github.com/BelyaevEI/microservices_auth/internal/service/mocks/user_service_minimock.go:201.94,202.45 1 10
github.com/BelyaevEI/microservices_auth/internal/service/mocks/user_service_minimock.go:202.45,204.3 1 0
github.com/BelyaevEI/microservices_auth/internal/service/mocks/user_service_minimock.go:206.2,206.44 1 10
github.com/BelyaevEI/microservices_auth/internal/service/mocks/user_service_minimock.go:206.44,208.3 1 0
github.com/BelyaevEI/microservices_auth/internal/service/mocks/user_service_minimock.go:209.2,210.26 2 10
github.com/BelyaevEI/microservices_auth/internal/service/mocks/user_service_minimock.go:214.151,215.44 1 0
github.com/BelyaevEI/microservices_auth/internal/service/mocks/user_service_minimock.go:215.44,217.3 1 0
github.com/BelyaevEI/microservices_auth/internal/service/mocks/user_service_minimock.go:219.2,219.40 1 0
github.com/BelyaevEI/microservices_auth/internal/service/mocks/user_service_minimock.go:219.40,221.3 1 0
github.com/BelyaevEI/microservices_auth/internal/service/mocks/user_service_minimock.go:223.2,224.26 2 0
github.com/BelyaevEI/microservices_auth/internal/service/mocks/user_service_minimock.go:229.143,230.45 1 0
github.com/BelyaevEI/microservices_auth/internal/service/mocks/user_service_minimock.go:230.45,232.3 1 0
github.com/BelyaevEI/microservices_auth/internal/service/mocks/user_service_minimock.go:234.2,239.20 3 0
github.com/BelyaevEI/microservices_auth/internal/service/mocks/user_service_minimock.go:243.91,246.2 2 0
github.com/BelyaevEI/microservices_auth/internal/service/mocks/user_service_minimock.go:249.93,250.12 1 0
github.com/BelyaevEI/microservices_auth/internal/service/mocks/user_service_minimock.go:250.12,252.3 1 0
github.com/BelyaevEI/microservices_auth/internal/service/mocks/user_service_minimock.go:253.2,254.21 2 0
github.com/BelyaevEI/microservices_auth/internal/service/mocks/user_service_minimock.go:257.72,258.126 1 0
github.com/BelyaevEI/microservices_auth/internal/service/mocks/user_service_minimock.go:258.126,260.3 1 0
github.com/BelyaevEI/microservices_auth/internal/service/mocks/user_service_minimock.go:262.2,265.102 3 0
github.com/BelyaevEI/microservices_auth/internal/service/mocks/user_service_minimock.go:269.122,273.47 3 10
github.com/BelyaevEI/microservices_auth/internal/service/mocks/user_service_minimock.go:273.47,275.3 1 0
github.com/BelyaevEI/microservices_auth/internal/service/mocks/user_service_minimock.go:277.2,284.61 5 10
github.com/BelyaevEI/microservices_auth/internal/service/mocks/user_service_minimock.go:284.61,285.43 1 0
github.com/BelyaevEI/microservices_auth/internal/service/mocks/user_service_minimock.go:285.43,288.4 2 0
github.com/BelyaevEI/microservices_auth/internal/service/mocks/user_service_minimock.go:291.2,291.59 1 10
github.com/BelyaevEI/microservices_auth/internal/service/mocks/user_service_minimock.go:291.59,298.26 5 10
github.com/BelyaevEI/microservices_auth/internal/service/mocks/user_service_minimock.go:298.26,300.81 1 0
github.com/BelyaevEI/microservices_auth/internal/service/mocks/user_service_minimock.go:300.81,302.5 1 0
github.com/BelyaevEI/microservices_auth/internal/service/mocks/user_service_minimock.go:304.4,304.102 1 0
github.com/BelyaevEI/microservices_auth/internal/service/mocks/user_service_minimock.go:304.102,306.5 1 0
github.com/BelyaevEI/microservices_auth/internal/service/mocks/user_service_minimock.go:308.9,308.65 1 10
github.com/BelyaevEI/microservices_auth/internal/service/mocks/user_service_minimock.go:308.65,310.4 1 0
github.com/BelyaevEI/microservices_auth/internal/service/mocks/user_service_minimock.go:312.3,313.24 2 10
github.com/BelyaevEI/microservices_auth/internal/service/mocks/user_service_minimock.go:313.24,315.4 1 0
github.com/BelyaevEI/microservices_auth/internal/service/mocks/user_service_minimock.go:316.3,316.45 1 10
github.com/BelyaevEI/microservices_auth/internal/service/mocks/user_service_minimock.go:318.2,318.40 1 0
github.com/BelyaevEI/microservices_auth/internal/service/mocks/user_service_minimock.go:318.40,320.3 1 0
github.com/BelyaevEI/microservices_auth/internal/service/mocks/user_service_minimock.go:321.2,322.8 2 0
github.com/BelyaevEI/microservices_auth/internal/service/mocks/user_service_minimock.go:326.70,328.2 1 0
github.com/BelyaevEI/microservices_auth/internal/service/mocks/user_service_minimock.go:331.71,333.2 1 0
github.com/BelyaevEI/microservices_auth/internal/service/mocks/user_service_minimock.go:337.92,346.2 5 0
github.com/BelyaevEI/microservices_auth/internal/service/mocks/user_service_minimock.go:350.57,351.31 1 0
github.com/BelyaevEI/microservices_auth/internal/service/mocks/user_service_minimock.go:351.31,354.3 1 0
github.com/BelyaevEI/microservices_auth/internal/service/mocks/user_service_minimock.go:356.2,356.50 1 0
github.com/BelyaevEI/microservices_auth/internal/service/mocks/user_service_minimock.go:356.50,357.43 1 0
github.com/BelyaevEI/microservices_auth/internal/service/mocks/user_service_minimock.go:357.43,359.4 1 0
github.com/BelyaevEI/microservices_auth/internal/service/mocks/user_service_minimock.go:362.2,362.43 1 0
github.com/BelyaevEI/microservices_auth/internal/service/mocks/user_service_minimock.go:366.55,367.50 1 0
github.com/BelyaevEI/microservices_auth/internal/service/mocks/user_service_minimock.go:367.50,368.43 1 0
github.com/BelyaevEI/microservices_auth/internal/service/mocks/user_service_minimock.go:368.43,370.4 1 0
github.com/BelyaevEI/microservices_auth/internal/service/mocks/user_service_minimock.go:373.2,375.78 2 0
github.com/BelyaevEI/microservices_auth/internal/service/mocks/user_service_minimock.go:375.78,376.56 1 0
github.com/BelyaevEI/microservices_auth/internal/service/mocks/user_service_minimock.go:376.56,378.4 1 0
github.com/BelyaevEI/microservices_auth/internal/service/mocks/user_service_minimock.go:378.9,380.4 1 0
github.com/BelyaevEI/microservices_auth/internal/service/mocks/user_service_minimock.go:383.2,383.59 1 0
github.com/BelyaevEI/microservices_auth/internal/service/mocks/user_service_minimock.go:383.59,385.3 1 0
github.com/BelyaevEI/microservices_auth/internal/service/mocks/user_service_minimock.go:387.2,387.71 1 0
github.com/BelyaevEI/microservices_auth/internal/service/mocks/user_service_minimock.go:387.71,390.3 1 0
github.com/BelyaevEI/microservices_auth/internal/service/mocks/user_service_minimock.go:436.100,439.2 2 0
github.com/BelyaevEI/microservices_auth/internal/service/mocks/user_service_minimock.go:442.127,443.53 1 10
github.com/BelyaevEI/microservices_auth/internal/service/mocks/user_service_minimock.go:443.53,445.3 1 0
github.com/BelyaevEI/microservices_auth/internal/service/mocks/user_service_minimock.go:447.2,447.48 1 10
github.com/BelyaevEI/microservices_auth/internal/service/mocks/user_service_minimock.go:447.48,449.3 1 10
github.com/BelyaevEI/microservices_auth/internal/service/mocks/user_service_minimock.go:451.2,451.58 1 10
github.com/BelyaevEI/microservices_auth/internal/service/mocks/user_service_minimock.go:451.58,453.3 1 0
github.com/BelyaevEI/microservices_auth/internal/service/mocks/user_service_minimock.go:455.2,456.50 2 10
github.com/BelyaevEI/microservices_auth/internal/service/mocks/user_service_minimock.go:456.50,457.75 1 0
github.com/BelyaevEI/microservices_auth/internal/service/mocks/user_service_minimock.go:457.75,459.4 1 0
github.com/BelyaevEI/microservices_auth/internal/service/mocks/user_service_minimock.go:462.2,462.25 1 10
github.com/BelyaevEI/microservices_auth/internal/service/mocks/user_service_minimock.go:466.126,467.53 1 0
github.com/BelyaevEI/microservices_auth/internal/service/mocks/user_service_minimock.go:467.53,469.3 1 0
github.com/BelyaevEI/microservices_auth/internal/service/mocks/user_service_minimock.go:471.2,471.48 1 0
github.com/BelyaevEI/microservices_auth/internal/service/mocks/user_service_minimock.go:471.48,473.3 1 0
github.com/BelyaevEI/microservices_auth/internal/service/mocks/user_service_minimock.go:475.2,475.55 1 0
github.com/BelyaevEI/microservices_auth/internal/service/mocks/user_service_minimock.go:475.55,477.3 1 0
github.com/BelyaevEI/microservices_auth/internal/service/mocks/user_service_minimock.go:479.2,479.58 1 0
github.com/BelyaevEI/microservices_auth/internal/service/mocks/user_service_minimock.go:479.58,481.3 1 0
github.com/BelyaevEI/microservices_auth/internal/service/mocks/user_service_minimock.go:482.2,484.25 2 0
github.com/BelyaevEI/microservices_auth/internal/service/mocks/user_service_minimock.go:488.114,489.53 1 0
github.com/BelyaevEI/microservices_auth/internal/service/mocks/user_service_minimock.go:489.53,491.3 1 0
github.com/BelyaevEI/microservices_auth/internal/service/mocks/user_service_minimock.go:493.2,493.48 1 0
github.com/BelyaevEI/microservices_auth/internal/service/mocks/user_service_minimock.go:493.48,495.3 1 0
github.com/BelyaevEI/microservices_auth/internal/service/mocks/user_service_minimock.go:497.2,497.55 1 0
github.com/BelyaevEI/microservices_auth/internal/service/mocks/user_service_minimock.go:497.55,499.3 1 0
github.com/BelyaevEI/microservices_auth/internal/service/mocks/user_service_minimock.go:501.2,501.58 1 0
github.com/BelyaevEI/microservices_auth/internal/service/mocks/user_service_minimock.go:501.58,503.3 1 0
github.com/BelyaevEI/microservices_auth/internal/service/mocks/user_service_minimock.go:504.2,506.25 2 0
github.com/BelyaevEI/microservices_auth/internal/service/mocks/user_service_minimock.go:510.136,511.60 1 0
github.com/BelyaevEI/microservices_auth/internal/service/mocks/user_service_minimock.go:511.60,513.3 1 0
github.com/BelyaevEI/microservices_auth/internal/service/mocks/user_service_minimock.go:515.2,517.25 2 0
github.com/BelyaevEI/microservices_auth/internal/service/mocks/user_service_minimock.go:521.92,522.53 1 10
github.com/BelyaevEI/microservices_auth/internal/service/mocks/user_service_minimock.go:522.53,524.3 1 0
github.com/BelyaevEI/microservices_auth/internal/service/mocks/user_service_minimock.go:526.2,526.48 1 10
github.com/BelyaevEI/microservices_auth/internal/service/mocks/user_service_minimock.go:526.48,528.3 1 0
github.com/BelyaevEI/microservices_auth/internal/service/mocks/user_service_minimock.go:529.2,530.30 2 10
github.com/BelyaevEI/microservices_auth/internal/service/mocks/user_service_minimock.go:534.129,535.48 1 0
github.com/BelyaevEI/microservices_auth/internal/service/mocks/user_service_minimock.go:535.48,537.3 1 0
github.com/BelyaevEI/microservices_auth/internal/service/mocks/user_service_minimock.go:539.2,539.44 1 0
github.com/BelyaevEI/microservices_auth/internal/service/mocks/user_service_minimock.go:539.44,541.3 1 0
github.com/BelyaevEI/microservices_auth/internal/service/mocks/user_service_minimock.go:543.2,544.30 2 0
github.com/BelyaevEI/microservices_auth/internal/service/mocks/user_service_minimock.go:549.135,550.53 1 0
github.com/BelyaevEI/microservices_auth/internal/service/mocks/user_service_minimock.go:550.53,552.3 1 0
github.com/BelyaevEI/microservices_auth/internal/service/mocks/user_service_minimock.go:554.2,559.20 3 0
github.com/BelyaevEI/microservices_auth/internal/service/mocks/user_service_minimock.go:563.85,566.2 2 0
github.com/BelyaevEI/microservices_auth/internal/service/mocks/user_service_minimock.go:569.105,570.12 1 0
github.com/BelyaevEI/microservices_auth/internal/service/mocks/user_service_minimock.go:570.12,572.3 1 0
github.com/BelyaevEI/microservices_auth/internal/service/mocks/user_service_minimock.go:573.2,574.25 2 0
github.com/BelyaevEI/microservices_auth/internal/service/mocks/user_service_minimock.go:577.80,578.142 1 0
github.com/BelyaevEI/microservices_auth/internal/service/mocks/user_service_minimock.go:578.142,580.3 1 0
github.com/BelyaevEI/microservices_auth/internal/service/mocks/user_service_minimock.go:582.2,585.102 3 0
github.com/BelyaevEI/microservices_auth/internal/service/mocks/user_service_minimock.go:589.100,593.55 3 10
github.com/BelyaevEI/microservices_auth/internal/service/mocks/user_service_minimock.go:593.55,595.3 1 0
github.com/BelyaevEI/microservices_auth/internal/service/mocks/user_service_minimock.go:597.2,604.69 5 10
github.com/BelyaevEI/microservices_auth/internal/service/mocks/user_service_minimock.go:604.69,605.43 1 0
github.com/BelyaevEI/microservices_auth/internal/service/mocks/user_service_minimock.go:605.43,608.4 2 0
github.com/BelyaevEI/microservices_auth/internal/service/mocks/user_service_minimock.go:611.2,611.67 1 10
github.com/BelyaevEI/microservices_auth/internal/service/mocks/user_service_minimock.go:611.67,618.26 5 10
github.com/BelyaevEI/microservices_auth/internal/service/mocks/user_service_minimock.go:618.26,620.81 1 0
github.com/BelyaevEI/microservices_auth/internal/service/mocks/user_service_minimock.go:620.81,622.5 1 0
github.com/BelyaevEI/microservices_auth/internal/service/mocks/user_service_minimock.go:624.4,624.78 1 0
github.com/BelyaevEI/microservices_auth/internal/service/mocks/user_service_minimock.go:624.78,626.5 1 0
github.com/BelyaevEI/microservices_auth/internal/service/mocks/user_service_minimock.go:628.9,628.65 1 10
github.com/BelyaevEI/microservices_auth/internal/service/mocks/user_service_minimock.go:628.65,630.4 1 0
github.com/BelyaevEI/microservices_auth/internal/service/mocks/user_service_minimock.go:632.3,633.24 2 10
github.com/BelyaevEI/microservices_auth/internal/service/mocks/user_service_minimock.go:633.24,635.4 1 0
github.com/BelyaevEI/microservices_auth/internal/service/mocks/user_service_minimock.go:636.3,636.27 1 10
github.com/BelyaevEI/microservices_auth/internal/service/mocks/user_service_minimock.go:638.2,638.48 1 0
github.com/BelyaevEI/microservices_auth/internal/service/mocks/user_service_minimock.go:638.48,640.3 1 0
github.com/BelyaevEI/microservices_auth/internal/service/mocks/user_service_minimock.go:641.2,642.8 2 0
github.com/BelyaevEI/microservices_auth/internal/service/mocks/user_service_minimock.go:646.78,648.2 1 0
github.com/BelyaevEI/microservices_auth/internal/service/mocks/user_service_minimock.go:651.79,653.2 1 0
github.com/BelyaevEI/microservices_auth/internal/service/mocks/user_service_minimock.go:657.104,666.2 5 0
github.com/BelyaevEI/microservices_auth/internal/service/mocks/user_service_minimock.go:670.61,671.35 1 0
github.com/BelyaevEI/microservices_auth/internal/service/mocks/user_service_minimock.go:671.35,674.3 1 0
github.com/BelyaevEI/microservices_auth/internal/service/mocks/user_service_minimock.go:676.2,676.54 1 0
github.com/BelyaevEI/microservices_auth/internal/service/mocks/user_service_minimock.go:676.54,677.43 1 0
github.com/BelyaevEI/microservices_auth/internal/service/mocks/user_service_minimock.go:677.43,679.4 1 0
github.com/BelyaevEI/microservices_auth/internal/service/mocks/user_service_minimock.go:682.2,682.47 1 0
github.com/BelyaevEI/microservices_auth/internal/service/mocks/user_service_minimock.go:686.59,687.54 1 0
github.com/BelyaevEI/microservices_auth/internal/service/mocks/user_service_minimock.go:687.54,688.43 1 0
github.com/BelyaevEI/microservices_auth/internal/service/mocks/user_service_minimock.go:688.43,690.4 1 0
github.com/BelyaevEI/microservices_auth/internal/service/mocks/user_service_minimock.go:693.2,695.86 2 0
github.com/BelyaevEI/microservices_auth/internal/service/mocks/user_service_minimock.go:695.86,696.60 1 0
github.com/BelyaevEI/microservices_auth/internal/service/mocks/user_service_minimock.go:696.60,698.4 1 0
github.com/BelyaevEI/microservices_auth/internal/service/mocks/user_service_minimock.go:698.9,700.4 1 0
github.com/BelyaevEI/microservices_auth/internal/service/mocks/user_service_minimock.go:703.2,703.67 1 0
github.com/BelyaevEI/microservices_auth/internal/service/mocks/user_service_minimock.go:703.67,705.3 1 0
github.com/BelyaevEI/microservices_auth/internal/service/mocks/user_service_minimock.go:707.2,707.79 1 0
github.com/BelyaevEI/microservices_auth/internal/service/mocks/user_service_minimock.go:707.79,710.3 1 0
github.com/BelyaevEI/microservices_auth/internal/service/mocks/user_service_minimock.go:757.91,760.2 2 0
github.com/BelyaevEI/microservices_auth/internal/service/mocks/user_service_minimock.go:763.118,764.47 1 10
github.com/BelyaevEI/microservices_auth/internal/service/mocks/user_service_minimock.go:764.47,766.3 1 0
github.com/BelyaevEI/microservices_auth/internal/service/mocks/user_service_minimock.go:768.2,768.45 1 10
github.com/BelyaevEI/microservices_auth/internal/service/mocks/user_service_minimock.go:768.45,770.3 1 10
github.com/BelyaevEI/microservices_auth/internal/service/mocks/user_service_minimock.go:772.2,772.55 1 10
github.com/BelyaevEI/microservices_auth/internal/service/mocks/user_service_minimock.go:772.55,774.3 1 0
github.com/BelyaevEI/microservices_auth/internal/service/mocks/user_service_minimock.go:776.2,777.47 2 10
github.com/BelyaevEI/microservices_auth/internal/service/mocks/user_service_minimock.go:777.47,778.72 1 0
github.com/BelyaevEI/microservices_auth/internal/service/mocks/user_service_minimock.go:778.72,780.4 1 0
github.com/BelyaevEI/microservices_auth/internal/service/mocks/user_service_minimock.go:783.2,783.22 1 10
github.com/BelyaevEI/microservices_auth/internal/service/mocks/user_service_minimock.go:787.117,788.47 1 0
github.com/BelyaevEI/microservices_auth/internal/service/mocks/user_service_minimock.go:788.47,790.3 1 0
github.com/BelyaevEI/microservices_auth/internal/service/mocks/user_service_minimock.go:792.2,792.45 1 0
github.com/BelyaevEI/microservices_auth/internal/service/mocks/user_service_minimock.go:792.45,794.3 1 0
github.com/BelyaevEI/microservices_auth/internal/service/mocks/user_service_minimock.go:796.2,796.52 1 0
github.com/BelyaevEI/microservices_auth/internal/service/mocks/user_service_minimock.go:796.52,798.3 1 0
github.com/BelyaevEI/microservices_auth/internal/service/mocks/user_service_minimock.go:800.2,800.55 1 0
github.com/BelyaevEI/microservices_auth/internal/service/mocks/user_service_minimock.go:800.55,802.3 1 0
github.com/BelyaevEI/microservices_auth/internal/service/mocks/user_service_minimock.go:803.2,805.22 2 0
github.com/BelyaevEI/microservices_auth/internal/service/mocks/user_service_minimock.go:809.105,810.47 1 0
github.com/BelyaevEI/microservices_auth/internal/service/mocks/user_service_minimock.go:810.47,812.3 1 0
github.com/BelyaevEI/microservices_auth/internal/service/mocks/user_service_minimock.go:814.2,814.45 1 0
github.com/BelyaevEI/microservices_auth/internal/service/mocks/user_service_minimock.go:814.45,816.3 1 0
github.com/BelyaevEI/microservices_auth/internal/service/mocks/user_service_minimock.go:818.2,818.52 1 0
github.com/BelyaevEI/microservices_auth/internal/service/mocks/user_service_minimock.go:818.52,820.3 1 0
github.com/BelyaevEI/microservices_auth/internal/service/mocks/user_service_minimock.go:822.2,822.55 1 0
github.com/BelyaevEI/microservices_auth/internal/service/mocks/user_service_minimock.go:822.55,824.3 1 0
github.com/BelyaevEI/microservices_auth/internal/service/mocks/user_service_minimock.go:825.2,827.22 2 0
github.com/BelyaevEI/microservices_auth/internal/service/mocks/user_service_minimock.go:831.127,832.54 1 0
github.com/BelyaevEI/microservices_auth/internal/service/mocks/user_service_minimock.go:832.54,834.3 1 0
github.com/BelyaevEI/microservices_auth/internal/service/mocks/user_service_minimock.go:836.2,838.22 2 0
github.com/BelyaevEI/microservices_auth/internal/service/mocks/user_service_minimock.go:842.103,843.47 1 10
github.com/BelyaevEI/microservices_auth/internal/service/mocks/user_service_minimock.go:843.47,845.3 1 0
github.com/BelyaevEI/microservices_auth/internal/service/mocks/user_service_minimock.go:847.2,847.45 1 10
github.com/BelyaevEI/microservices_auth/internal/service/mocks/user_service_minimock.go:847.45,849.3 1 0
github.com/BelyaevEI/microservices_auth/internal/service/mocks/user_service_minimock.go:850.2,851.27 2 10
github.com/BelyaevEI/microservices_auth/internal/service/mocks/user_service_minimock.go:855.140,856.45 1 0
github.com/BelyaevEI/microservices_auth/internal/service/mocks/user_service_minimock.go:856.45,858.3 1 0
github.com/BelyaevEI/microservices_auth/internal/service/mocks/user_service_minimock.go:860.2,860.41 1 0
github.com/BelyaevEI/microservices_auth/internal/service/mocks/user_service_minimock.go:860.41,862.3 1 0
github.com/BelyaevEI/microservices_auth/internal/service/mocks/user_service_minimock.go:864.2,865.27 2 0
github.com/BelyaevEI/microservices_auth/internal/service/mocks/user_service_minimock.go:870.126,871.47 1 0
github.com/BelyaevEI/microservices_auth/internal/service/mocks/user_service_minimock.go:871.47,873.3 1 0
github.com/BelyaevEI/microservices_auth/internal/service/mocks/user_service_minimock.go:875.2,880.20 3 0
github.com/BelyaevEI/microservices_auth/internal/service/mocks/user_service_minimock.go:884.99,887.2 2 0
github.com/BelyaevEI/microservices_auth/internal/service/mocks/user_service_minimock.go:890.96,891.12 1 0
github.com/BelyaevEI/microservices_auth/internal/service/mocks/user_service_minimock.go:891.12,893.3 1 0
github.com/BelyaevEI/microservices_auth/internal/service/mocks/user_service_minimock.go:894.2,895.22 2 0
github.com/BelyaevEI/microservices_auth/internal/service/mocks/user_service_minimock.go:898.74,899.130 1 0
github.com/BelyaevEI/microservices_auth/internal/service/mocks/user_service_minimock.go:899.130,901.3 1 0
github.com/BelyaevEI/microservices_auth/internal/service/mocks/user_service_minimock.go:903.2,906.102 3 0
github.com/BelyaevEI/microservices_auth/internal/service/mocks/user_service_minimock.go:910.111,914.49 3 10
github.com/BelyaevEI/microservices_auth/internal/service/mocks/user_service_minimock.go:914.49,916.3 1 0
github.com/BelyaevEI/microservices_auth/internal/service/mocks/user_service_minimock.go:918.2,925.63 5 10
github.com/BelyaevEI/microservices_auth/internal/service/mocks/user_service_minimock.go:925.63,926.43 1 0
github.com/BelyaevEI/microservices_auth/internal/service/mocks/user_service_minimock.go:926.43,929.4 2 0
github.com/BelyaevEI/microservices_auth/internal/service/mocks/user_service_minimock.go:932.2,932.61 1 10
github.com/BelyaevEI/microservices_auth/internal/service/mocks/user_service_minimock.go:932.61,939.26 5 10
github.com/BelyaevEI/microservices_auth/internal/service/mocks/user_service_minimock.go:939.26,941.81 1 0
github.com/BelyaevEI/microservices_auth/internal/service/mocks/user_service_minimock.go:941.81,943.5 1 0
github.com/BelyaevEI/microservices_auth/internal/service/mocks/user_service_minimock.go:945.4,945.78 1 0
github.com/BelyaevEI/microservices_auth/internal/service/mocks/user_service_minimock.go:945.78,947.5 1 0
github.com/BelyaevEI/microservices_auth/internal/service/mocks/user_service_minimock.go:949.9,949.65 1 10
github.com/BelyaevEI/microservices_auth/internal/service/mocks/user_service_minimock.go:949.65,951.4 1 0
github.com/BelyaevEI/microservices_auth/internal/service/mocks/user_service_minimock.go:953.3,954.24 2 10
github.com/BelyaevEI/microservices_auth/internal/service/mocks/user_service_minimock.go:954.24,956.4 1 0
github.com/BelyaevEI/microservices_auth/internal/service/mocks/user_service_minimock.go:957.3,957.46 1 10
github.com/BelyaevEI/microservices_auth/internal/service/mocks/user_service_minimock.go:959.2,959.42 1 0
github.com/BelyaevEI/microservices_auth/internal/service/mocks/user_service_minimock.go:959.42,961.3 1 0
github.com/BelyaevEI/microservices_auth/internal/service/mocks/user_service_minimock.go:962.2,963.8 2 0
github.com/BelyaevEI/microservices_auth/internal/service/mocks/user_service_minimock.go:967.72,969.2 1 0
github.com/BelyaevEI/microservices_auth/internal/service/mocks/user_service_minimock.go:972.73,974.2 1 0
github.com/BelyaevEI/microservices_auth/internal/service/mocks/user_service_minimock.go:978.95,987.2 5 0
github.com/BelyaevEI/microservices_auth/internal/service/mocks/user_service_minimock.go:991.58,992.32 1 0
github.com/BelyaevEI/microservices_auth/internal/service/mocks/user_service_minimock.go:992.32,995.3 1 0
github.com/BelyaevEI/microservices_auth/internal/service/mocks/user_service_minimock.go:997.2,997.51 1 0
github.com/BelyaevEI/microservices_auth/internal/service/mocks/user_service_minimock.go:997.51,998.43 1 0
github.com/BelyaevEI/microservices_auth/internal/service/mocks/user_service_minimock.go:998.43,1000.4 1 0
github.com/BelyaevEI/microservices_auth/internal/service/mocks/user_service_minimock.go:1003.2,1003.44 1 0
github.com/BelyaevEI/microservices_auth/internal/service/mocks/user_service_minimock.go:1007.56,1008.51 1 0
github.com/BelyaevEI/microservices_auth/internal/service/mocks/user_service_minimock.go:1008.51,1009.43 1 0
github.com/BelyaevEI/microservices_auth/internal/service/mocks/user_service_minimock.go:1009.43,1011.4 1 0
github.com/BelyaevEI/microservices_auth/internal/service/mocks/user_service_minimock.go:1014.2,1016.80 2 0
github.com/BelyaevEI/microservices_auth/internal/service/mocks/user_service_minimock.go:1016.80,1017.57 1 0
github.com/BelyaevEI/microservices_auth/internal/service/mocks/user_service_minimock.go:1017.57,1019.4 1 0
github.com/BelyaevEI/microservices_auth/internal/service/mocks/user_service_minimock.go:1019.9,1021.4 1 0
github.com/BelyaevEI/microservices_auth/internal/service/mocks/user_service_minimock.go:1024.2,1024.61 1 0
github.com/BelyaevEI/microservices_auth/internal/service/mocks/user_service_minimock.go:1024.61,1026.3 1 0
github.com/BelyaevEI/microservices_auth/internal/service/mocks/user_service_minimock.go:1028.2,1028.73 1 0
github.com/BelyaevEI/microservices_auth/internal/service/mocks/user_service_minimock.go:1028.73,1031.3 1 0
github.com/BelyaevEI/microservices_auth/internal/service/mocks/user_service_minimock.go:1079.100,1082.2 2 0
github.com/BelyaevEI/microservices_auth/internal/service/mocks/user_service_minimock.go:1085.157,1086.53 1 10
github.com/BelyaevEI/microservices_auth/internal/service/mocks/user_service_minimock.go:1086.53,1088.3 1 0
github.com/BelyaevEI/microservices_auth/internal/service/mocks/user_service_minimock.go:1090.2,1090.48 1 10
github.com/BelyaevEI/microservices_auth/internal/service/mocks/user_service_minimock.go:1090.48,1092.3 1 10
github.com/BelyaevEI/microservices_auth/internal/service/mocks/user_service_minimock.go:1094.2,1094.58 1 10
github.com/BelyaevEI/microservices_auth/internal/service/mocks/user_service_minimock.go:1094.58,1096.3 1 0
github.com/BelyaevEI/microservices_auth/internal/service/mocks/user_service_minimock.go:1098.2,1099.50 2 10
github.com/BelyaevEI/microservices_auth/internal/service/mocks/user_service_minimock.go:1099.50,1100.75 1 0
github.com/BelyaevEI/microservices_auth/internal/service/mocks/user_service_minimock.go:1100.75,1102.4 1 0
github.com/BelyaevEI/microservices_auth/internal/service/mocks/user_service_minimock.go:1105.2,1105.25 1 10
github.com/BelyaevEI/microservices_auth/internal/service/mocks/user_service_minimock.go:1109.126,1110.53 1 0
github.com/BelyaevEI/microservices_auth/internal/service/mocks/user_service_minimock.go:1110.53,1112.3 1 0
github.com/BelyaevEI/microservices_auth/internal/service/mocks/user_service_minimock.go:1114.2,1114.48 1 0
github.com/BelyaevEI/microservices_auth/internal/service/mocks/user_service_minimock.go:1114.48,1116.3 1 0
github.com/BelyaevEI/microservices_auth/internal/service/mocks/user_service_minimock.go:1118.2,1118.55 1 0
github.com/BelyaevEI/microservices_auth/internal/service/mocks/user_service_minimock.go:1118.55,1120.3 1 0
github.com/BelyaevEI/microservices_auth/internal/service/mocks/user_service_minimock.go:1122.2,1122.58 1 0
github.com/BelyaevEI/microservices_auth/internal/service/mocks/user_service_minimock.go:1122.58,1124.3 1 0
github.com/BelyaevEI/microservices_auth/internal/service/mocks/user_service_minimock.go:1125.2,1127.25 2 0
github.com/BelyaevEI/microservices_auth/internal/service/mocks/user_service_minimock.go:1131.114,1132.53 1 0
github.com/BelyaevEI/microservices_auth/internal/service/mocks/user_service_minimock.go:1132.53,1134.3 1 0
github.com/BelyaevEI/microservices_auth/internal/service/mocks/user_service_minimock.go:1136.2,1136.48 1 0
github.com/BelyaevEI/microservices_auth/internal/service/mocks/user_service_minimock.go:1136.48,1138.3 1 0
github.com/BelyaevEI/microservices_auth/internal/service/mocks/user_service_minimock.go:1140.2,1140.55 1 0
github.com/BelyaevEI/microservices_auth/internal/service/mocks/user_service_minimock.go:1140.55,1142.3 1 0
github.com/BelyaevEI/microservices_auth/internal/service/mocks/user_service_minimock.go:1144.2,1144.58 1 0
github.com/BelyaevEI/microservices_auth/internal/service/mocks/user_service_minimock.go:1144.58,1146.3 1 0
github.com/BelyaevEI/microservices_auth/internal/service/mocks/user_service_minimock.go:1147.2,1149.25 2 0
github.com/BelyaevEI/microservices_auth/internal/service/mocks/user_service_minimock.go:1153.142,1154.53 1 0
github.com/BelyaevEI/microservices_auth/internal/service/mocks/user_service_minimock.go:1154.53,1156.3 1 0
github.com/BelyaevEI/microservices_auth/internal/service/mocks/user_service_minimock.go:1158.2,1158.48 1 0
github.com/BelyaevEI/microservices_auth/internal/service/mocks/user_service_minimock.go:1158.48,1160.3 1 0
github.com/BelyaevEI/microservices_auth/internal/service/mocks/user_service_minimock.go:1162.2,1162.55 1 0
github.com/BelyaevEI/microservices_auth/internal/service/mocks/user_service_minimock.go:1162.55,1164.3 1 0
github.com/BelyaevEI/microservices_auth/internal/service/mocks/user_service_minimock.go:1166.2,1166.58 1 0
github.com/BelyaevEI/microservices_auth/internal/service/mocks/user_service_minimock.go:1166.58,1168.3 1 0
github.com/BelyaevEI/microservices_auth/internal/service/mocks/user_service_minimock.go:1169.2,1171.25 2 0
github.com/BelyaevEI/microservices_auth/internal/service/mocks/user_service_minimock.go:1175.166,1176.60 1 0
github.com/BelyaevEI/microservices_auth/internal/service/mocks/user_service_minimock.go:1176.60,1178.3 1 0
github.com/BelyaevEI/microservices_auth/internal/service/mocks/user_service_minimock.go:1180.2,1182.25 2 0
github.com/BelyaevEI/microservices_auth/internal/service/mocks/user_service_minimock.go:1186.92,1187.53 1 10
github.com/BelyaevEI/microservices_auth/internal/service/mocks/user_service_minimock.go:1187.53,1189.3 1 0
github.com/BelyaevEI/microservices_auth/internal/service/mocks/user_service_minimock.go:1191.2,1191.48 1 10
github.com/BelyaevEI/microservices_auth/internal/service/mocks/user_service_minimock.go:1191.48,1193.3 1 0
github.com/BelyaevEI/microservices_auth/internal/service/mocks/user_service_minimock.go:1194.2,1195.30 2 10
github.com/BelyaevEI/microservices_auth/internal/service/mocks/user_service_minimock.go:1199.159,1200.48 1 0
github.com/BelyaevEI/microservices_auth/internal/service/mocks/user_service_minimock.go:1200.48,1202.3 1 0
github.com/BelyaevEI/microservices_auth/internal/service/mocks/user_service_minimock.go:1204.2,1204.44 1 0
github.com/BelyaevEI/microservices_auth/internal/service/mocks/user_service_minimock.go:1204.44,1206.3 1 0
github.com/BelyaevEI/microservices_auth/internal/service/mocks/user_service_minimock.go:1208.2,1209.30 2 0
github.com/BelyaevEI/microservices_auth/internal/service/mocks/user_service_minimock.go:1214.165,1215.53 1 0
github.com/BelyaevEI/microservices_auth/internal/service/mocks/user_service_minimock.go:1215.53,1217.3 1 0
github.com/BelyaevEI/microservices_auth/internal/service/mocks/user_service_minimock.go:1219.2,1224.20 3 0
github.com/BelyaevEI/microservices_auth/internal/service/mocks/user_service_minimock.go:1228.85,1231.2 2 0
github.com/BelyaevEI/microservices_auth/internal/service/mocks/user_service_minimock.go:1234.105,1235.12 1 0
github.com/BelyaevEI/microservices_auth/internal/service/mocks/user_service_minimock.go:1235.12,1237.3 1 0
github.com/BelyaevEI/microservices_auth/internal/service/mocks/user_service_minimock.go:1238.2,1239.25 2 0
github.com/BelyaevEI/microservices_auth/internal/service/mocks/user_service_minimock.go:1242.80,1243.142 1 0
github.com/BelyaevEI/microservices_auth/internal/service/mocks/user_service_minimock.go:1243.142,1245.3 1 0
github.com/BelyaevEI/microservices_auth/internal/service/mocks/user_service_minimock.go:1247.2,1250.102 3 0
github.com/BelyaevEI/microservices_auth/internal/service/mocks/user_service_minimock.go:1254.130,1258.55 3 10
github.com/BelyaevEI/microservices_auth/internal/service/mocks/user_service_minimock.go:1258.55,1260.3 1 0
github.com/BelyaevEI/microservices_auth/internal/service/mocks/user_service_minimock.go:1262.2,1269.69 5 10
github.com/BelyaevEI/microservices_auth/internal/service/mocks/user_service_minimock.go:1269.69,1270.43 1 0
github.com/BelyaevEI/microservices_auth/internal/service/mocks/user_service_minimock.go:1270.43,1273.4 2 0
github.com/BelyaevEI/microservices_auth/internal/service/mocks/user_service_minimock.go:1276.2,1276.67 1 10
github.com/BelyaevEI/microservices_auth/internal/service/mocks/user_service_minimock.go:1276.67,1283.26 5 10
github.com/BelyaevEI/microservices_auth/internal/service/mocks/user_service_minimock.go:1283.26,1285.81 1 0
github.com/BelyaevEI/microservices_auth/internal/service/mocks/user_service_minimock.go:1285.81,1287.5 1 0
github.com/BelyaevEI/microservices_auth/internal/service/mocks/user_service_minimock.go:1289.4,1289.78 1 0
github.com/BelyaevEI/microservices_auth/internal/service/mocks/user_service_minimock.go:1289.78,1291.5 1 0
github.com/BelyaevEI/microservices_auth/internal/service/mocks/user_service_minimock.go:1293.4,1293.102 1 0
github.com/BelyaevEI/microservices_auth/internal/service/mocks/user_service_minimock.go:1293.102,1295.5 1 0
github.com/BelyaevEI/microservices_auth/internal/service/mocks/user_service_minimock.go:1297.9,1297.65 1 10
github.com/BelyaevEI/microservices_auth/internal/service/mocks/user_service_minimock.go:1297.65,1299.4 1 0
github.com/BelyaevEI/microservices_auth/internal/service/mocks/user_service_minimock.go:1301.3,1302.24 2 10
github.com/BelyaevEI/microservices_auth/internal/service/mocks/user_service_minimock.go:1302.24,1304.4 1 0
github.com/BelyaevEI/microservices_auth/internal/service/mocks/user_service_minimock.go:1305.3,1305.27 1 10
github.com/BelyaevEI/microservices_auth/internal/service/mocks/user_service_minimock.go:1307.2,1307.48 1 0
github.com/BelyaevEI/microservices_auth/internal/service/mocks/user_service_minimock.go:1307.48,1309.3 1 0
github.com/BelyaevEI/microservices_auth/internal/service/mocks/user_service_minimock.go:1310.2,1311.8 2 0
github.com/BelyaevEI/microservices_auth/internal/service/mocks/user_service_minimock.go:1315.78,1317.2 1 0
github.com/BelyaevEI/microservices_auth/internal/service/mocks/user_service_minimock.go:1320.79,1322.2 1 0
github.com/BelyaevEI/microservices_auth/internal/service/mocks/user_service_minimock.go:1326.104,1335.2 5 0
github.com/BelyaevEI/microservices_auth/internal/service/mocks/user_service_minimock.go:1339.61,1340.35 1 0
github.com/BelyaevEI/microservices_auth/internal/service/mocks/user_service_minimock.go:1340.35,1343.3 1 0
github.com/BelyaevEI/microservices_auth/internal/service/mocks/user_service_minimock.go:1345.2,1345.54 1 0
github.com/BelyaevEI/microservices_auth/internal/service/mocks/user_service_minimock.go:1345.54,1346.43 1 0
github.com/BelyaevEI/microservices_auth/internal/service/mocks/user_service_minimock.go:1346.43,1348.4 1 0
github.com/BelyaevEI/microservices_auth/internal/service/mocks/user_service_minimock.go:1351.2,1351.47 1 0
github.com/BelyaevEI/microservices_auth/internal/service/mocks/user_service_minimock.go:1355.59,1356.54 1 0
github.com/BelyaevEI/microservices_auth/internal/service/mocks/user_service_minimock.go:1356.54,1357.43 1 0
github.com/BelyaevEI/microservices_auth/internal/service/mocks/user_service_minimock.go:1357.43,1359.4 1 0
github.com/BelyaevEI/microservices_auth/internal/service/mocks/user_service_minimock.go:1362.2,1364.86 2 0
github.com/BelyaevEI/microservices_auth/internal/service/mocks/user_service_minimock.go:1364.86,1365.60 1 0
github.com/BelyaevEI/microservices_auth/internal/service/mocks/user_service_minimock.go:1365.60,1367.4 1 0
github.com/BelyaevEI/microservices_auth/internal/service/mocks/user_service_minimock.go:1367.9,1369.4 1 0
github.com/BelyaevEI/microservices_auth/internal/service/mocks/user_service_minimock.go:1372.2,1372.67 1 0
github.com/BelyaevEI/microservices_auth/internal/service/mocks/user_service_minimock.go:1372.67,1374.3 1 0
github.com/BelyaevEI/microservices_auth/internal/service/mocks/user_service_minimock.go:1376.2,1376.79 1 0
github.com/BelyaevEI/microservices_auth/internal/service/mocks/user_service_minimock.go:1376.79,1379.3 1 0
github.com/BelyaevEI/microservices_auth/internal/service/mocks/user_service_minimock.go:1383.44,1384.25 1 0
github.com/BelyaevEI/microservices_auth/internal/service/mocks/user_service_minimock.go:1384.25,1385.24 1 0
github.com/BelyaevEI/microservices_auth/internal/service/mocks/user_service_minimock.go:1385.24,1393.4 4 0
github.com/BelyaevEI/microservices_auth/internal/service/mocks/user_service_minimock.go:1398.66,1400.6 2 0
github.com/BelyaevEI/microservices_auth/internal/service/mocks/user_service_minimock.go:1400.6,1401.23 1 0
github.com/BelyaevEI/microservices_auth/internal/service/mocks/user_service_minimock.go:1401.23,1403.4 1 0
github.com/BelyaevEI/microservices_auth/internal/service/mocks/user_service_minimock.go:1404.3,1404.10 1 0
github.com/BelyaevEI/microservices_auth/internal/service/mocks/user_service_minimock.go:1405.20,1407.10 2 0
github.com/BelyaevEI/microservices_auth/internal/service/mocks/user_service_minimock.go:1408.50,1408.50 0 0
github.com/BelyaevEI/microservices_auth/internal/service/mocks/user_service_minimock.go:1413.47,1420.2 2 0
github.com/BelyaevEI/microservices_auth/internal/service/user/create.go:9.92,12.16 2 0
github.com/BelyaevEI/microservices_auth/internal/service/user/create.go:12.16,14.3 1 0
github.com/BelyaevEI/microservices_auth/internal/service/user/create.go:16.2,19.16 2 0
github.com/BelyaevEI/microservices_auth/internal/service/user/create.go:19.16,21.3 1 0
github.com/BelyaevEI/microservices_auth/internal/service/user/create.go:23.2,23.16 1 0
github.com/BelyaevEI/microservices_auth/internal/service/user/delete.go:7.67,10.16 2 0
github.com/BelyaevEI/microservices_auth/internal/service/user/delete.go:10.16,12.3 1 0
github.com/BelyaevEI/microservices_auth/internal/service/user/delete.go:14.2,15.16 2 0
github.com/BelyaevEI/microservices_auth/internal/service/user/delete.go:15.16,17.3 1 0
github.com/BelyaevEI/microservices_auth/internal/service/user/delete.go:19.2,19.12 1 0
github.com/BelyaevEI/microservices_auth/internal/service/user/get.go:9.79,12.16 2 0
github.com/BelyaevEI/microservices_auth/internal/service/user/get.go:12.16,14.17 2 0
github.com/BelyaevEI/microservices_auth/internal/service/user/get.go:14.17,16.4 1 0
github.com/BelyaevEI/microservices_auth/internal/service/user/get.go:19.2,19.18 1 0
github.com/BelyaevEI/microservices_auth/internal/service/user/service.go:17.126,23.2 1 0
github.com/BelyaevEI/microservices_auth/internal/service/user/update.go:9.97,12.16 2 0
github.com/BelyaevEI/microservices_auth/internal/service/user/update.go:12.16,14.3 1 0
github.com/BelyaevEI/microservices_auth/internal/service/user/update.go:16.2,17.16 2 0
github.com/BelyaevEI/microservices_auth/internal/service/user/update.go:17.16,19.3 1 0
github.com/BelyaevEI/microservices_auth/internal/service/user/update.go:21.2,25.16 2 0
github.com/BelyaevEI/microservices_auth/internal/service/user/update.go:25.16,27.3 1 0
github.com/BelyaevEI/microservices_auth/internal/service/user/update.go:29.2,29.12 1 0
